Using pre-set license
Built from '2020.2/staging' branch; Version is '2020.2.7f1 (c53830e277f1) revision 12924976'; Using compiler version '192528614'; Build Type 'Release'
OS: 'Windows 10 Home; OS build 22000.1098; Version 2009; 64bit' Language: 'en' Physical Memory: 16225 MB
BatchMode: 1, IsHumanControllingUs: 0, StartBugReporterOnCrash: 0, Is64bit: 1, IsPro: 0

 COMMAND LINE ARGUMENTS:
D:\Program Files\Unity\Editor\Unity.exe
-adb2
-batchMode
-noUpm
-name
AssetImportWorker0
-projectPath
D:/Unity Programs/LightBot
-logFile
Logs/AssetImportWorker0.log
-srvPort
59724
Successfully changed project path to: D:/Unity Programs/LightBot
D:/Unity Programs/LightBot
Using Asset Import Pipeline V2.
Refreshing native plugins compatible for Editor in 144.76 ms, found 0 plugins.
Preloading 0 native plugins for Editor in 0.00 ms.
Initialize engine version: 2020.2.7f1 (c53830e277f1)
[Subsystems] Discovering subsystems at path D:/Program Files/Unity/Editor/Data/Resources/UnitySubsystems
[Subsystems] Discovering subsystems at path D:/Unity Programs/LightBot/Assets
GfxDevice: creating device client; threaded=0
Direct3D:
    Version:  Direct3D 11.0 [level 11.1]
    Renderer: Intel(R) UHD Graphics 620 (ID=0x5917)
    Vendor:   
    VRAM:     8112 MB
    Driver:   22.20.16.4836
Shader 'Universal Render Pipeline/Particles/Lit': fallback shader 'Universal Render Pipeline/Particles/SimpleLit' not found
Initialize mono
Mono path[0] = 'D:/Program Files/Unity/Editor/Data/Managed'
Mono path[1] = 'D:/Program Files/Unity/Editor/Data/MonoBleedingEdge/lib/mono/unityjit'
Mono config path = 'D:/Program Files/Unity/Editor/Data/MonoBleedingEdge/etc'
Using monoOptions --debugger-agent=transport=dt_socket,embedding=1,server=y,suspend=n,address=127.0.0.1:56396
Begin MonoManager ReloadAssembly
Registering precompiled unity dll's ...
Register platform support module: D:/Program Files/Unity/Editor/Data/PlaybackEngines/WindowsStandaloneSupport/UnityEditor.WindowsStandalone.Extensions.dll
Registered in 0.002208 seconds.
Native extension for WindowsStandalone target not found
Refreshing native plugins compatible for Editor in 124.89 ms, found 0 plugins.
Preloading 0 native plugins for Editor in 0.00 ms.
Invoked RoslynAnalysisRunner static constructor.
RoslynAnalysisRunner will not be running.
RoslynAnalysisRunner has terminated.
Mono: successfully reloaded assembly
- Completed reload, in  4.416 seconds
Platform modules already initialized, skipping
Registering precompiled user dll's ...
Registered in 0.003404 seconds.
Begin MonoManager ReloadAssembly
Native extension for WindowsStandalone target not found
Refreshing native plugins compatible for Editor in 129.19 ms, found 0 plugins.
Preloading 0 native plugins for Editor in 0.00 ms.
Invoked RoslynAnalysisRunner static constructor.
RoslynAnalysisRunner will not be running.
RoslynAnalysisRunner has terminated.
Mono: successfully reloaded assembly
- Completed reload, in  3.294 seconds
Platform modules already initialized, skipping
========================================================================
Worker process is ready to serve import requests
Shader 'Universal Render Pipeline/Particles/Lit': fallback shader 'Universal Render Pipeline/Particles/SimpleLit' not found
Launched and connected shader compiler UnityShaderCompiler.exe after 0.08 seconds
Refreshing native plugins compatible for Editor in 1.22 ms, found 0 plugins.
Preloading 0 native plugins for Editor in 0.00 ms.
Unloading 2387 Unused Serialized files (Serialized files now loaded: 0)
System memory in use before: 111.3 MB.
System memory in use after: 111.5 MB.

Unloading 10 unused Assets to reduce memory usage. Loaded Objects now: 2831.
Total: 7.013900 ms (FindLiveObjects: 0.630700 ms CreateObjectMapping: 0.320200 ms MarkObjects: 5.898700 ms  DeleteObjects: 0.161200 ms)

========================================================================
Received Import Request.
  path: Assets/Scripts/Game/CommandButtonHolder.cs
  artifactKey: Guid(9ff75bceef93d044295d664d49f6d0ac) Importer(815301076,1909f56bfc062723c751e8b465ee728b)
Start importing Assets/Scripts/Game/CommandButtonHolder.cs using Guid(9ff75bceef93d044295d664d49f6d0ac) Importer(815301076,1909f56bfc062723c751e8b465ee728b)  -> (artifact id: '63ca0abc286f61fb92bccb21f8cf8e8a') in 0.173057 seconds
  Import took 0.196412 seconds .

========================================================================
Received Import Request.
  Time since last request: 27.297308 seconds.
  path: Assets/Scenes/Game.unity
  artifactKey: Guid(9fc0d4010bbf28b4594072e72b8655ab) Importer(815301076,1909f56bfc062723c751e8b465ee728b)
Start importing Assets/Scenes/Game.unity using Guid(9fc0d4010bbf28b4594072e72b8655ab) Importer(815301076,1909f56bfc062723c751e8b465ee728b)  -> (artifact id: 'e3e5eb34f883c96d6efb3d6c2817095f') in 0.026288 seconds
  Import took 0.033659 seconds .

========================================================================
Received Prepare
Registering precompiled user dll's ...
Registered in 0.002777 seconds.
Begin MonoManager ReloadAssembly
Native extension for WindowsStandalone target not found
Refreshing native plugins compatible for Editor in 1.14 ms, found 0 plugins.
Preloading 0 native plugins for Editor in 0.00 ms.
Invoked RoslynAnalysisRunner static constructor.
RoslynAnalysisRunner will not be running.
RoslynAnalysisRunner has terminated.
Mono: successfully reloaded assembly
- Completed reload, in  2.476 seconds
Platform modules already initialized, skipping
Shader 'Universal Render Pipeline/Particles/Lit': fallback shader 'Universal Render Pipeline/Particles/SimpleLit' not found
Refreshing native plugins compatible for Editor in 1.22 ms, found 0 plugins.
Preloading 0 native plugins for Editor in 0.00 ms.
Unloading 2300 Unused Serialized files (Serialized files now loaded: 0)
System memory in use before: 104.9 MB.
System memory in use after: 105.2 MB.

Unloading 5 unused Assets to reduce memory usage. Loaded Objects now: 2834.
Total: 7.731700 ms (FindLiveObjects: 0.902600 ms CreateObjectMapping: 0.376700 ms MarkObjects: 5.844300 ms  DeleteObjects: 0.604900 ms)

========================================================================
Received Prepare
Registering precompiled user dll's ...
Registered in 0.002383 seconds.
Begin MonoManager ReloadAssembly
Native extension for WindowsStandalone target not found
Refreshing native plugins compatible for Editor in 0.50 ms, found 0 plugins.
Preloading 0 native plugins for Editor in 0.00 ms.
Invoked RoslynAnalysisRunner static constructor.
RoslynAnalysisRunner will not be running.
RoslynAnalysisRunner has terminated.
Mono: successfully reloaded assembly
- Completed reload, in  1.044 seconds
Platform modules already initialized, skipping
Shader 'Universal Render Pipeline/Particles/Lit': fallback shader 'Universal Render Pipeline/Particles/SimpleLit' not found
Refreshing native plugins compatible for Editor in 1.52 ms, found 0 plugins.
Preloading 0 native plugins for Editor in 0.00 ms.
Unloading 2300 Unused Serialized files (Serialized files now loaded: 0)
System memory in use before: 105.0 MB.
System memory in use after: 105.2 MB.

Unloading 5 unused Assets to reduce memory usage. Loaded Objects now: 2837.
Total: 15.119600 ms (FindLiveObjects: 0.756300 ms CreateObjectMapping: 0.431800 ms MarkObjects: 13.752500 ms  DeleteObjects: 0.175100 ms)

========================================================================
Received Prepare
Registering precompiled user dll's ...
Registered in 0.002032 seconds.
Begin MonoManager ReloadAssembly
Native extension for WindowsStandalone target not found
Refreshing native plugins compatible for Editor in 0.62 ms, found 0 plugins.
Preloading 0 native plugins for Editor in 0.00 ms.
Invoked RoslynAnalysisRunner static constructor.
RoslynAnalysisRunner will not be running.
RoslynAnalysisRunner has terminated.
Mono: successfully reloaded assembly
- Completed reload, in  1.561 seconds
Platform modules already initialized, skipping
Shader 'Universal Render Pipeline/Particles/Lit': fallback shader 'Universal Render Pipeline/Particles/SimpleLit' not found
Refreshing native plugins compatible for Editor in 1.23 ms, found 0 plugins.
Preloading 0 native plugins for Editor in 0.00 ms.
Unloading 2300 Unused Serialized files (Serialized files now loaded: 0)
System memory in use before: 105.0 MB.
System memory in use after: 105.2 MB.

Unloading 5 unused Assets to reduce memory usage. Loaded Objects now: 2840.
Total: 8.594200 ms (FindLiveObjects: 0.760600 ms CreateObjectMapping: 0.325700 ms MarkObjects: 7.445400 ms  DeleteObjects: 0.058800 ms)

========================================================================
Received Import Request.
  Time since last request: 402.206966 seconds.
  path: Assets/Scripts/Game/CommandController.cs
  artifactKey: Guid(f89613e3b0bcd4a4282716cfdb2d40eb) Importer(815301076,1909f56bfc062723c751e8b465ee728b)
Start importing Assets/Scripts/Game/CommandController.cs using Guid(f89613e3b0bcd4a4282716cfdb2d40eb) Importer(815301076,1909f56bfc062723c751e8b465ee728b)  -> (artifact id: 'ebec1463e6c2246111b33e9584ab11a8') in 0.016185 seconds
  Import took 0.025372 seconds .

========================================================================
Received Prepare
Registering precompiled user dll's ...
Registered in 0.001686 seconds.
Begin MonoManager ReloadAssembly
Native extension for WindowsStandalone target not found
Refreshing native plugins compatible for Editor in 0.51 ms, found 0 plugins.
Preloading 0 native plugins for Editor in 0.00 ms.
Invoked RoslynAnalysisRunner static constructor.
RoslynAnalysisRunner will not be running.
RoslynAnalysisRunner has terminated.
Mono: successfully reloaded assembly
- Completed reload, in  1.066 seconds
Platform modules already initialized, skipping
Shader 'Universal Render Pipeline/Particles/Lit': fallback shader 'Universal Render Pipeline/Particles/SimpleLit' not found
Refreshing native plugins compatible for Editor in 1.24 ms, found 0 plugins.
Preloading 0 native plugins for Editor in 0.00 ms.
Unloading 2300 Unused Serialized files (Serialized files now loaded: 0)
System memory in use before: 105.0 MB.
System memory in use after: 105.2 MB.

Unloading 5 unused Assets to reduce memory usage. Loaded Objects now: 2843.
Total: 7.646000 ms (FindLiveObjects: 0.869700 ms CreateObjectMapping: 0.380600 ms MarkObjects: 6.329600 ms  DeleteObjects: 0.061900 ms)

========================================================================
Received Import Request.
  Time since last request: 28.443052 seconds.
  path: Assets/Prefabs/CommandContainer.prefab
  artifactKey: Guid(b5500d06ebe688543b07309eee7e5b29) Importer(815301076,1909f56bfc062723c751e8b465ee728b)
Start importing Assets/Prefabs/CommandContainer.prefab using Guid(b5500d06ebe688543b07309eee7e5b29) Importer(815301076,1909f56bfc062723c751e8b465ee728b)  -> (artifact id: 'cc0cb61ccebeb8e1e219c35b14471184') in 0.140832 seconds
  Import took 0.154140 seconds .

========================================================================
Received Prepare
Registering precompiled user dll's ...
Registered in 0.002762 seconds.
Begin MonoManager ReloadAssembly
Native extension for WindowsStandalone target not found
Refreshing native plugins compatible for Editor in 0.75 ms, found 0 plugins.
Preloading 0 native plugins for Editor in 0.00 ms.
Invoked RoslynAnalysisRunner static constructor.
RoslynAnalysisRunner will not be running.
RoslynAnalysisRunner has terminated.
Mono: successfully reloaded assembly
- Completed reload, in  2.121 seconds
Platform modules already initialized, skipping
Shader 'Universal Render Pipeline/Particles/Lit': fallback shader 'Universal Render Pipeline/Particles/SimpleLit' not found
Refreshing native plugins compatible for Editor in 1.26 ms, found 0 plugins.
Preloading 0 native plugins for Editor in 0.00 ms.
Unloading 2300 Unused Serialized files (Serialized files now loaded: 0)
System memory in use before: 105.0 MB.
System memory in use after: 105.2 MB.

Unloading 6 unused Assets to reduce memory usage. Loaded Objects now: 2846.
Total: 7.881900 ms (FindLiveObjects: 1.117600 ms CreateObjectMapping: 0.391100 ms MarkObjects: 6.297500 ms  DeleteObjects: 0.072600 ms)

========================================================================
Received Import Request.
  Time since last request: 251.473208 seconds.
  path: Assets/Prefabs/CommandContainer.prefab
  artifactKey: Guid(b5500d06ebe688543b07309eee7e5b29) Importer(815301076,1909f56bfc062723c751e8b465ee728b)
Start importing Assets/Prefabs/CommandContainer.prefab using Guid(b5500d06ebe688543b07309eee7e5b29) Importer(815301076,1909f56bfc062723c751e8b465ee728b)  -> (artifact id: '20cde19c7534cbc45aa5830e78e06add') in 0.045123 seconds
  Import took 0.050026 seconds .

========================================================================
Received Import Request.
  Time since last request: 1.512331 seconds.
  path: Assets/Prefabs/CommandContainer.prefab
  artifactKey: Guid(b5500d06ebe688543b07309eee7e5b29) Importer(815301076,1909f56bfc062723c751e8b465ee728b)
Start importing Assets/Prefabs/CommandContainer.prefab using Guid(b5500d06ebe688543b07309eee7e5b29) Importer(815301076,1909f56bfc062723c751e8b465ee728b)  -> (artifact id: '4d1e67718bec4ba023f3a2b60f92907d') in 0.003798 seconds
  Import took 0.008168 seconds .

========================================================================
Received Import Request.
  Time since last request: 0.002322 seconds.
  path: Assets/Prefabs/CommandContainer.prefab
  artifactKey: Guid(b5500d06ebe688543b07309eee7e5b29) Importer(815301076,1909f56bfc062723c751e8b465ee728b)
Start importing Assets/Prefabs/CommandContainer.prefab using Guid(b5500d06ebe688543b07309eee7e5b29) Importer(815301076,1909f56bfc062723c751e8b465ee728b)  -> (artifact id: '4d1e67718bec4ba023f3a2b60f92907d') in 0.004411 seconds
  Import took 0.008687 seconds .

========================================================================
Received Import Request.
  Time since last request: 37.713356 seconds.
  path: Assets/Prefabs/CommandContainer.prefab
  artifactKey: Guid(b5500d06ebe688543b07309eee7e5b29) Importer(815301076,1909f56bfc062723c751e8b465ee728b)
Start importing Assets/Prefabs/CommandContainer.prefab using Guid(b5500d06ebe688543b07309eee7e5b29) Importer(815301076,1909f56bfc062723c751e8b465ee728b)  -> (artifact id: '4ca1af7f7b346d72206e4d9d5c8d394c') in 0.015624 seconds
  Import took 0.028545 seconds .

========================================================================
Received Prepare
Registering precompiled user dll's ...
Registered in 0.002197 seconds.
Begin MonoManager ReloadAssembly
Native extension for WindowsStandalone target not found
Refreshing native plugins compatible for Editor in 0.53 ms, found 0 plugins.
Preloading 0 native plugins for Editor in 0.00 ms.
Invoked RoslynAnalysisRunner static constructor.
RoslynAnalysisRunner will not be running.
RoslynAnalysisRunner has terminated.
Mono: successfully reloaded assembly
- Completed reload, in  1.033 seconds
Platform modules already initialized, skipping
Shader 'Universal Render Pipeline/Particles/Lit': fallback shader 'Universal Render Pipeline/Particles/SimpleLit' not found
Refreshing native plugins compatible for Editor in 0.98 ms, found 0 plugins.
Preloading 0 native plugins for Editor in 0.00 ms.
Unloading 2300 Unused Serialized files (Serialized files now loaded: 0)
System memory in use before: 105.1 MB.
System memory in use after: 105.3 MB.

Unloading 6 unused Assets to reduce memory usage. Loaded Objects now: 2849.
Total: 6.525700 ms (FindLiveObjects: 0.570400 ms CreateObjectMapping: 0.274900 ms MarkObjects: 5.629300 ms  DeleteObjects: 0.047300 ms)

========================================================================
Received Import Request.
  Time since last request: 232.436068 seconds.
  path: Assets/Prefabs/CommandContainer.prefab
  artifactKey: Guid(b5500d06ebe688543b07309eee7e5b29) Importer(815301076,1909f56bfc062723c751e8b465ee728b)
Start importing Assets/Prefabs/CommandContainer.prefab using Guid(b5500d06ebe688543b07309eee7e5b29) Importer(815301076,1909f56bfc062723c751e8b465ee728b)  -> (artifact id: '394a4d68446cedc0cb367a9f49497e4a') in 0.060720 seconds
  Import took 0.067187 seconds .

========================================================================
Received Prepare
Registering precompiled user dll's ...
Registered in 0.002669 seconds.
Begin MonoManager ReloadAssembly
Native extension for WindowsStandalone target not found
Refreshing native plugins compatible for Editor in 0.71 ms, found 0 plugins.
Preloading 0 native plugins for Editor in 0.00 ms.
Invoked RoslynAnalysisRunner static constructor.
RoslynAnalysisRunner will not be running.
RoslynAnalysisRunner has terminated.
Mono: successfully reloaded assembly
- Completed reload, in  2.678 seconds
Platform modules already initialized, skipping
Shader 'Universal Render Pipeline/Particles/Lit': fallback shader 'Universal Render Pipeline/Particles/SimpleLit' not found
Refreshing native plugins compatible for Editor in 1.31 ms, found 0 plugins.
Preloading 0 native plugins for Editor in 0.00 ms.
Unloading 2300 Unused Serialized files (Serialized files now loaded: 0)
System memory in use before: 105.1 MB.
System memory in use after: 105.3 MB.

Unloading 6 unused Assets to reduce memory usage. Loaded Objects now: 2852.
Total: 8.744100 ms (FindLiveObjects: 0.979100 ms CreateObjectMapping: 0.988400 ms MarkObjects: 6.698800 ms  DeleteObjects: 0.073600 ms)

========================================================================
Received Prepare
Registering precompiled user dll's ...
Registered in 0.002270 seconds.
Begin MonoManager ReloadAssembly
Native extension for WindowsStandalone target not found
Refreshing native plugins compatible for Editor in 0.68 ms, found 0 plugins.
Preloading 0 native plugins for Editor in 0.00 ms.
Invoked RoslynAnalysisRunner static constructor.
RoslynAnalysisRunner will not be running.
RoslynAnalysisRunner has terminated.
Mono: successfully reloaded assembly
- Completed reload, in  1.782 seconds
Platform modules already initialized, skipping
Shader 'Universal Render Pipeline/Particles/Lit': fallback shader 'Universal Render Pipeline/Particles/SimpleLit' not found
Refreshing native plugins compatible for Editor in 2.35 ms, found 0 plugins.
Preloading 0 native plugins for Editor in 0.00 ms.
Unloading 2300 Unused Serialized files (Serialized files now loaded: 0)
System memory in use before: 105.1 MB.
System memory in use after: 105.3 MB.

Unloading 5 unused Assets to reduce memory usage. Loaded Objects now: 2855.
Total: 10.255400 ms (FindLiveObjects: 0.826000 ms CreateObjectMapping: 0.414800 ms MarkObjects: 8.963200 ms  DeleteObjects: 0.047400 ms)

========================================================================
Received Prepare
Registering precompiled user dll's ...
Registered in 0.003598 seconds.
Begin MonoManager ReloadAssembly
Native extension for WindowsStandalone target not found
Refreshing native plugins compatible for Editor in 1.27 ms, found 0 plugins.
Preloading 0 native plugins for Editor in 0.00 ms.
Invoked RoslynAnalysisRunner static constructor.
RoslynAnalysisRunner will not be running.
RoslynAnalysisRunner has terminated.
Mono: successfully reloaded assembly
- Completed reload, in  2.005 seconds
Platform modules already initialized, skipping
Shader 'Universal Render Pipeline/Particles/Lit': fallback shader 'Universal Render Pipeline/Particles/SimpleLit' not found
Refreshing native plugins compatible for Editor in 1.24 ms, found 0 plugins.
Preloading 0 native plugins for Editor in 0.00 ms.
Unloading 2300 Unused Serialized files (Serialized files now loaded: 0)
System memory in use before: 105.1 MB.
System memory in use after: 105.3 MB.

Unloading 5 unused Assets to reduce memory usage. Loaded Objects now: 2858.
Total: 7.593400 ms (FindLiveObjects: 0.795200 ms CreateObjectMapping: 0.356600 ms MarkObjects: 6.383000 ms  DeleteObjects: 0.054500 ms)

========================================================================
Received Prepare
Registering precompiled user dll's ...
Registered in 0.005433 seconds.
Begin MonoManager ReloadAssembly
Native extension for WindowsStandalone target not found
Refreshing native plugins compatible for Editor in 0.88 ms, found 0 plugins.
Preloading 0 native plugins for Editor in 0.00 ms.
Invoked RoslynAnalysisRunner static constructor.
RoslynAnalysisRunner will not be running.
RoslynAnalysisRunner has terminated.
Mono: successfully reloaded assembly
- Completed reload, in  2.485 seconds
Platform modules already initialized, skipping
Shader 'Universal Render Pipeline/Particles/Lit': fallback shader 'Universal Render Pipeline/Particles/SimpleLit' not found
Refreshing native plugins compatible for Editor in 1.25 ms, found 0 plugins.
Preloading 0 native plugins for Editor in 0.00 ms.
Unloading 2300 Unused Serialized files (Serialized files now loaded: 0)
System memory in use before: 105.0 MB.
System memory in use after: 105.2 MB.

Unloading 5 unused Assets to reduce memory usage. Loaded Objects now: 2861.
Total: 13.784900 ms (FindLiveObjects: 1.112100 ms CreateObjectMapping: 0.627500 ms MarkObjects: 11.796500 ms  DeleteObjects: 0.242600 ms)

========================================================================
Received Prepare
Registering precompiled user dll's ...
Registered in 0.001563 seconds.
Begin MonoManager ReloadAssembly
Native extension for WindowsStandalone target not found
Refreshing native plugins compatible for Editor in 0.59 ms, found 0 plugins.
Preloading 0 native plugins for Editor in 0.00 ms.
Invoked RoslynAnalysisRunner static constructor.
RoslynAnalysisRunner will not be running.
RoslynAnalysisRunner has terminated.
Mono: successfully reloaded assembly
- Completed reload, in  1.246 seconds
Platform modules already initialized, skipping
Shader 'Universal Render Pipeline/Particles/Lit': fallback shader 'Universal Render Pipeline/Particles/SimpleLit' not found
Refreshing native plugins compatible for Editor in 1.29 ms, found 0 plugins.
Preloading 0 native plugins for Editor in 0.00 ms.
Unloading 2300 Unused Serialized files (Serialized files now loaded: 0)
System memory in use before: 105.1 MB.
System memory in use after: 105.3 MB.

Unloading 5 unused Assets to reduce memory usage. Loaded Objects now: 2864.
Total: 6.872200 ms (FindLiveObjects: 0.997800 ms CreateObjectMapping: 0.335200 ms MarkObjects: 5.488000 ms  DeleteObjects: 0.047400 ms)

========================================================================
Received Prepare
Registering precompiled user dll's ...
Registered in 0.003095 seconds.
Begin MonoManager ReloadAssembly
Native extension for WindowsStandalone target not found
Refreshing native plugins compatible for Editor in 0.71 ms, found 0 plugins.
Preloading 0 native plugins for Editor in 0.00 ms.
Invoked RoslynAnalysisRunner static constructor.
RoslynAnalysisRunner will not be running.
RoslynAnalysisRunner has terminated.
Mono: successfully reloaded assembly
- Completed reload, in  1.033 seconds
Platform modules already initialized, skipping
Shader 'Universal Render Pipeline/Particles/Lit': fallback shader 'Universal Render Pipeline/Particles/SimpleLit' not found
Refreshing native plugins compatible for Editor in 1.09 ms, found 0 plugins.
Preloading 0 native plugins for Editor in 0.00 ms.
Unloading 2300 Unused Serialized files (Serialized files now loaded: 0)
System memory in use before: 105.1 MB.
System memory in use after: 105.3 MB.

Unloading 5 unused Assets to reduce memory usage. Loaded Objects now: 2867.
Total: 7.477600 ms (FindLiveObjects: 0.808600 ms CreateObjectMapping: 0.336600 ms MarkObjects: 6.279400 ms  DeleteObjects: 0.046900 ms)

========================================================================
Received Import Request.
  Time since last request: 431.981735 seconds.
  path: Assets/Prefabs/CommandContainer.prefab
  artifactKey: Guid(b5500d06ebe688543b07309eee7e5b29) Importer(815301076,1909f56bfc062723c751e8b465ee728b)
Start importing Assets/Prefabs/CommandContainer.prefab using Guid(b5500d06ebe688543b07309eee7e5b29) Importer(815301076,1909f56bfc062723c751e8b465ee728b)  -> (artifact id: '276a6182c17ee6d669101fe96c6d21db') in 0.044873 seconds
  Import took 0.053338 seconds .

========================================================================
Received Import Request.
  Time since last request: 0.004902 seconds.
  path: Assets/Prefabs/CommandContainer.prefab
  artifactKey: Guid(b5500d06ebe688543b07309eee7e5b29) Importer(815301076,1909f56bfc062723c751e8b465ee728b)
Start importing Assets/Prefabs/CommandContainer.prefab using Guid(b5500d06ebe688543b07309eee7e5b29) Importer(815301076,1909f56bfc062723c751e8b465ee728b)  -> (artifact id: '276a6182c17ee6d669101fe96c6d21db') in 0.004185 seconds
  Import took 0.009351 seconds .

========================================================================
Received Import Request.
  Time since last request: 175.658385 seconds.
  path: Assets/Scenes/Game.unity
  artifactKey: Guid(9fc0d4010bbf28b4594072e72b8655ab) Importer(815301076,1909f56bfc062723c751e8b465ee728b)
Start importing Assets/Scenes/Game.unity using Guid(9fc0d4010bbf28b4594072e72b8655ab) Importer(815301076,1909f56bfc062723c751e8b465ee728b)  -> (artifact id: 'e52c9547778152f617167269ff1ab1cb') in 0.008626 seconds
  Import took 0.013192 seconds .

========================================================================
Received Prepare
Registering precompiled user dll's ...
Registered in 0.002170 seconds.
Begin MonoManager ReloadAssembly
Native extension for WindowsStandalone target not found
Refreshing native plugins compatible for Editor in 0.74 ms, found 0 plugins.
Preloading 0 native plugins for Editor in 0.00 ms.
Invoked RoslynAnalysisRunner static constructor.
RoslynAnalysisRunner will not be running.
RoslynAnalysisRunner has terminated.
Mono: successfully reloaded assembly
- Completed reload, in  1.013 seconds
Platform modules already initialized, skipping
Shader 'Universal Render Pipeline/Particles/Lit': fallback shader 'Universal Render Pipeline/Particles/SimpleLit' not found
Refreshing native plugins compatible for Editor in 1.04 ms, found 0 plugins.
Preloading 0 native plugins for Editor in 0.00 ms.
Unloading 2300 Unused Serialized files (Serialized files now loaded: 0)
System memory in use before: 105.1 MB.
System memory in use after: 105.3 MB.

Unloading 6 unused Assets to reduce memory usage. Loaded Objects now: 2870.
Total: 4.646400 ms (FindLiveObjects: 0.594300 ms CreateObjectMapping: 0.282100 ms MarkObjects: 3.727900 ms  DeleteObjects: 0.039400 ms)

========================================================================
Received Import Request.
  Time since last request: 47.193814 seconds.
  path: Assets/Prefabs/CommandContainer.prefab
  artifactKey: Guid(b5500d06ebe688543b07309eee7e5b29) Importer(815301076,1909f56bfc062723c751e8b465ee728b)
Start importing Assets/Prefabs/CommandContainer.prefab using Guid(b5500d06ebe688543b07309eee7e5b29) Importer(815301076,1909f56bfc062723c751e8b465ee728b)  -> (artifact id: '1d456a3843e2c6d2ab8348a88917ffbe') in 0.051381 seconds
  Import took 0.056684 seconds .

========================================================================
Received Import Request.
  Time since last request: 0.006114 seconds.
  path: Assets/Prefabs/CommandContainer.prefab
  artifactKey: Guid(b5500d06ebe688543b07309eee7e5b29) Importer(815301076,1909f56bfc062723c751e8b465ee728b)
Start importing Assets/Prefabs/CommandContainer.prefab using Guid(b5500d06ebe688543b07309eee7e5b29) Importer(815301076,1909f56bfc062723c751e8b465ee728b)  -> (artifact id: '1d456a3843e2c6d2ab8348a88917ffbe') in 0.004592 seconds
  Import took 0.010132 seconds .

========================================================================
Received Import Request.
  Time since last request: 16.492491 seconds.
  path: Assets/Prefabs/CommandContainer.prefab
  artifactKey: Guid(b5500d06ebe688543b07309eee7e5b29) Importer(815301076,1909f56bfc062723c751e8b465ee728b)
Start importing Assets/Prefabs/CommandContainer.prefab using Guid(b5500d06ebe688543b07309eee7e5b29) Importer(815301076,1909f56bfc062723c751e8b465ee728b)  -> (artifact id: 'fa9c03422e4e9aa9a1d130f6999ccac5') in 0.004144 seconds
  Import took 0.008659 seconds .

========================================================================
Received Import Request.
  Time since last request: 145.025883 seconds.
  path: Assets/Prefabs/CommandContainer.prefab
  artifactKey: Guid(b5500d06ebe688543b07309eee7e5b29) Importer(815301076,1909f56bfc062723c751e8b465ee728b)
Start importing Assets/Prefabs/CommandContainer.prefab using Guid(b5500d06ebe688543b07309eee7e5b29) Importer(815301076,1909f56bfc062723c751e8b465ee728b)  -> (artifact id: 'efcc2418e9ed5919cbef2300bfc3c4ca') in 0.005516 seconds
  Import took 0.011072 seconds .

========================================================================
Received Import Request.
  Time since last request: 0.002658 seconds.
  path: Assets/Prefabs/CommandContainer.prefab
  artifactKey: Guid(b5500d06ebe688543b07309eee7e5b29) Importer(815301076,1909f56bfc062723c751e8b465ee728b)
Start importing Assets/Prefabs/CommandContainer.prefab using Guid(b5500d06ebe688543b07309eee7e5b29) Importer(815301076,1909f56bfc062723c751e8b465ee728b)  -> (artifact id: 'efcc2418e9ed5919cbef2300bfc3c4ca') in 0.004706 seconds
  Import took 0.010494 seconds .

========================================================================
Received Import Request.
  Time since last request: 1.986876 seconds.
  path: Assets/Prefabs/CommandContainer.prefab
  artifactKey: Guid(b5500d06ebe688543b07309eee7e5b29) Importer(815301076,1909f56bfc062723c751e8b465ee728b)
Start importing Assets/Prefabs/CommandContainer.prefab using Guid(b5500d06ebe688543b07309eee7e5b29) Importer(815301076,1909f56bfc062723c751e8b465ee728b)  -> (artifact id: '62496ccb88ae4892c0608dbf7d67366e') in 0.004340 seconds
  Import took 0.009760 seconds .

========================================================================
Received Import Request.
  Time since last request: 0.006565 seconds.
  path: Assets/Prefabs/CommandContainer.prefab
  artifactKey: Guid(b5500d06ebe688543b07309eee7e5b29) Importer(815301076,1909f56bfc062723c751e8b465ee728b)
Start importing Assets/Prefabs/CommandContainer.prefab using Guid(b5500d06ebe688543b07309eee7e5b29) Importer(815301076,1909f56bfc062723c751e8b465ee728b)  -> (artifact id: '62496ccb88ae4892c0608dbf7d67366e') in 0.004256 seconds
  Import took 0.009498 seconds .

========================================================================
Received Prepare
Registering precompiled user dll's ...
Registered in 0.002117 seconds.
Begin MonoManager ReloadAssembly
Native extension for WindowsStandalone target not found
Refreshing native plugins compatible for Editor in 0.56 ms, found 0 plugins.
Preloading 0 native plugins for Editor in 0.00 ms.
Invoked RoslynAnalysisRunner static constructor.
RoslynAnalysisRunner will not be running.
RoslynAnalysisRunner has terminated.
Mono: successfully reloaded assembly
- Completed reload, in  1.189 seconds
Platform modules already initialized, skipping
Shader 'Universal Render Pipeline/Particles/Lit': fallback shader 'Universal Render Pipeline/Particles/SimpleLit' not found
Refreshing native plugins compatible for Editor in 1.00 ms, found 0 plugins.
Preloading 0 native plugins for Editor in 0.00 ms.
Unloading 2300 Unused Serialized files (Serialized files now loaded: 0)
System memory in use before: 105.1 MB.
System memory in use after: 105.3 MB.

Unloading 6 unused Assets to reduce memory usage. Loaded Objects now: 2873.
Total: 5.807700 ms (FindLiveObjects: 0.597600 ms CreateObjectMapping: 0.278300 ms MarkObjects: 4.893500 ms  DeleteObjects: 0.035700 ms)

========================================================================
Received Import Request.
  Time since last request: 31.874302 seconds.
  path: Assets/Prefabs/CommandContainer.prefab
  artifactKey: Guid(b5500d06ebe688543b07309eee7e5b29) Importer(815301076,1909f56bfc062723c751e8b465ee728b)
Start importing Assets/Prefabs/CommandContainer.prefab using Guid(b5500d06ebe688543b07309eee7e5b29) Importer(815301076,1909f56bfc062723c751e8b465ee728b)  -> (artifact id: 'b37f382d7fe91819ef5253207b7cdfa8') in 0.051471 seconds
  Import took 0.057397 seconds .

========================================================================
Received Prepare
Registering precompiled user dll's ...
Registered in 0.002127 seconds.
Begin MonoManager ReloadAssembly
Native extension for WindowsStandalone target not found
Refreshing native plugins compatible for Editor in 1.01 ms, found 0 plugins.
Preloading 0 native plugins for Editor in 0.00 ms.
Invoked RoslynAnalysisRunner static constructor.
RoslynAnalysisRunner will not be running.
RoslynAnalysisRunner has terminated.
Mono: successfully reloaded assembly
- Completed reload, in  1.670 seconds
Platform modules already initialized, skipping
Shader 'Universal Render Pipeline/Particles/Lit': fallback shader 'Universal Render Pipeline/Particles/SimpleLit' not found
Refreshing native plugins compatible for Editor in 1.31 ms, found 0 plugins.
Preloading 0 native plugins for Editor in 0.00 ms.
Unloading 2300 Unused Serialized files (Serialized files now loaded: 0)
System memory in use before: 105.0 MB.
System memory in use after: 105.2 MB.

Unloading 6 unused Assets to reduce memory usage. Loaded Objects now: 2876.
Total: 9.582700 ms (FindLiveObjects: 0.775400 ms CreateObjectMapping: 0.403000 ms MarkObjects: 8.343000 ms  DeleteObjects: 0.057800 ms)

========================================================================
Received Prepare
Registering precompiled user dll's ...
Registered in 0.002789 seconds.
Begin MonoManager ReloadAssembly
Native extension for WindowsStandalone target not found
Refreshing native plugins compatible for Editor in 0.54 ms, found 0 plugins.
Preloading 0 native plugins for Editor in 0.00 ms.
Invoked RoslynAnalysisRunner static constructor.
RoslynAnalysisRunner will not be running.
RoslynAnalysisRunner has terminated.
Mono: successfully reloaded assembly
- Completed reload, in  1.342 seconds
Platform modules already initialized, skipping
Shader 'Universal Render Pipeline/Particles/Lit': fallback shader 'Universal Render Pipeline/Particles/SimpleLit' not found
Refreshing native plugins compatible for Editor in 1.09 ms, found 0 plugins.
Preloading 0 native plugins for Editor in 0.00 ms.
Unloading 2300 Unused Serialized files (Serialized files now loaded: 0)
System memory in use before: 105.1 MB.
System memory in use after: 105.3 MB.

Unloading 5 unused Assets to reduce memory usage. Loaded Objects now: 2879.
Total: 6.892300 ms (FindLiveObjects: 0.630900 ms CreateObjectMapping: 0.285100 ms MarkObjects: 5.909800 ms  DeleteObjects: 0.063800 ms)

========================================================================
Received Prepare
Registering precompiled user dll's ...
Registered in 0.002008 seconds.
Begin MonoManager ReloadAssembly
Native extension for WindowsStandalone target not found
Refreshing native plugins compatible for Editor in 0.59 ms, found 0 plugins.
Preloading 0 native plugins for Editor in 0.00 ms.
Invoked RoslynAnalysisRunner static constructor.
RoslynAnalysisRunner will not be running.
RoslynAnalysisRunner has terminated.
Mono: successfully reloaded assembly
- Completed reload, in  1.342 seconds
Platform modules already initialized, skipping
Shader 'Universal Render Pipeline/Particles/Lit': fallback shader 'Universal Render Pipeline/Particles/SimpleLit' not found
Refreshing native plugins compatible for Editor in 1.27 ms, found 0 plugins.
Preloading 0 native plugins for Editor in 0.00 ms.
Unloading 2300 Unused Serialized files (Serialized files now loaded: 0)
System memory in use before: 105.1 MB.
System memory in use after: 105.3 MB.

Unloading 5 unused Assets to reduce memory usage. Loaded Objects now: 2882.
Total: 8.588800 ms (FindLiveObjects: 0.822000 ms CreateObjectMapping: 0.438300 ms MarkObjects: 7.232700 ms  DeleteObjects: 0.091800 ms)

========================================================================
Received Prepare
Registering precompiled user dll's ...
Registered in 0.002842 seconds.
Begin MonoManager ReloadAssembly
Native extension for WindowsStandalone target not found
Refreshing native plugins compatible for Editor in 0.59 ms, found 0 plugins.
Preloading 0 native plugins for Editor in 0.00 ms.
Invoked RoslynAnalysisRunner static constructor.
RoslynAnalysisRunner will not be running.
RoslynAnalysisRunner has terminated.
Mono: successfully reloaded assembly
- Completed reload, in  1.344 seconds
Platform modules already initialized, skipping
Shader 'Universal Render Pipeline/Particles/Lit': fallback shader 'Universal Render Pipeline/Particles/SimpleLit' not found
Refreshing native plugins compatible for Editor in 1.19 ms, found 0 plugins.
Preloading 0 native plugins for Editor in 0.00 ms.
Unloading 2300 Unused Serialized files (Serialized files now loaded: 0)
System memory in use before: 105.1 MB.
System memory in use after: 105.4 MB.

Unloading 5 unused Assets to reduce memory usage. Loaded Objects now: 2885.
Total: 8.364300 ms (FindLiveObjects: 0.852000 ms CreateObjectMapping: 0.495300 ms MarkObjects: 6.959800 ms  DeleteObjects: 0.054000 ms)

========================================================================
Received Prepare
Registering precompiled user dll's ...
Registered in 0.004388 seconds.
Begin MonoManager ReloadAssembly
Native extension for WindowsStandalone target not found
Refreshing native plugins compatible for Editor in 0.68 ms, found 0 plugins.
Preloading 0 native plugins for Editor in 0.00 ms.
Invoked RoslynAnalysisRunner static constructor.
RoslynAnalysisRunner will not be running.
RoslynAnalysisRunner has terminated.
Mono: successfully reloaded assembly
- Completed reload, in  2.381 seconds
Platform modules already initialized, skipping
Shader 'Universal Render Pipeline/Particles/Lit': fallback shader 'Universal Render Pipeline/Particles/SimpleLit' not found
Refreshing native plugins compatible for Editor in 1.25 ms, found 0 plugins.
Preloading 0 native plugins for Editor in 0.00 ms.
Unloading 2300 Unused Serialized files (Serialized files now loaded: 0)
System memory in use before: 105.1 MB.
System memory in use after: 105.4 MB.

Unloading 5 unused Assets to reduce memory usage. Loaded Objects now: 2888.
Total: 9.678400 ms (FindLiveObjects: 0.840500 ms CreateObjectMapping: 0.511400 ms MarkObjects: 8.269600 ms  DeleteObjects: 0.053300 ms)

========================================================================
Received Prepare
Registering precompiled user dll's ...
Registered in 0.003853 seconds.
Begin MonoManager ReloadAssembly
Native extension for WindowsStandalone target not found
Refreshing native plugins compatible for Editor in 0.57 ms, found 0 plugins.
Preloading 0 native plugins for Editor in 0.00 ms.
Invoked RoslynAnalysisRunner static constructor.
RoslynAnalysisRunner will not be running.
RoslynAnalysisRunner has terminated.
Mono: successfully reloaded assembly
- Completed reload, in  1.373 seconds
Platform modules already initialized, skipping
Shader 'Universal Render Pipeline/Particles/Lit': fallback shader 'Universal Render Pipeline/Particles/SimpleLit' not found
Refreshing native plugins compatible for Editor in 1.19 ms, found 0 plugins.
Preloading 0 native plugins for Editor in 0.00 ms.
Unloading 2300 Unused Serialized files (Serialized files now loaded: 0)
System memory in use before: 105.0 MB.
System memory in use after: 105.3 MB.

Unloading 5 unused Assets to reduce memory usage. Loaded Objects now: 2891.
Total: 8.825200 ms (FindLiveObjects: 0.986900 ms CreateObjectMapping: 0.485600 ms MarkObjects: 7.292200 ms  DeleteObjects: 0.056900 ms)

========================================================================
Received Prepare
Registering precompiled user dll's ...
Registered in 0.002168 seconds.
Begin MonoManager ReloadAssembly
Native extension for WindowsStandalone target not found
Refreshing native plugins compatible for Editor in 0.97 ms, found 0 plugins.
Preloading 0 native plugins for Editor in 0.00 ms.
Invoked RoslynAnalysisRunner static constructor.
RoslynAnalysisRunner will not be running.
RoslynAnalysisRunner has terminated.
Mono: successfully reloaded assembly
- Completed reload, in  2.017 seconds
Platform modules already initialized, skipping
Shader 'Universal Render Pipeline/Particles/Lit': fallback shader 'Universal Render Pipeline/Particles/SimpleLit' not found
Refreshing native plugins compatible for Editor in 1.31 ms, found 0 plugins.
Preloading 0 native plugins for Editor in 0.00 ms.
Unloading 2300 Unused Serialized files (Serialized files now loaded: 0)
System memory in use before: 105.1 MB.
System memory in use after: 105.4 MB.

Unloading 5 unused Assets to reduce memory usage. Loaded Objects now: 2894.
Total: 8.481900 ms (FindLiveObjects: 0.830400 ms CreateObjectMapping: 0.394400 ms MarkObjects: 7.191500 ms  DeleteObjects: 0.059500 ms)

========================================================================
Received Prepare
Registering precompiled user dll's ...
Registered in 0.002442 seconds.
Begin MonoManager ReloadAssembly
Native extension for WindowsStandalone target not found
Refreshing native plugins compatible for Editor in 0.82 ms, found 0 plugins.
Preloading 0 native plugins for Editor in 0.00 ms.
Invoked RoslynAnalysisRunner static constructor.
RoslynAnalysisRunner will not be running.
RoslynAnalysisRunner has terminated.
Mono: successfully reloaded assembly
- Completed reload, in  1.875 seconds
Platform modules already initialized, skipping
Shader 'Universal Render Pipeline/Particles/Lit': fallback shader 'Universal Render Pipeline/Particles/SimpleLit' not found
Refreshing native plugins compatible for Editor in 1.11 ms, found 0 plugins.
Preloading 0 native plugins for Editor in 0.00 ms.
Unloading 2300 Unused Serialized files (Serialized files now loaded: 0)
System memory in use before: 105.1 MB.
System memory in use after: 105.4 MB.

Unloading 5 unused Assets to reduce memory usage. Loaded Objects now: 2897.
Total: 12.909900 ms (FindLiveObjects: 3.129500 ms CreateObjectMapping: 0.904800 ms MarkObjects: 8.737000 ms  DeleteObjects: 0.123500 ms)

========================================================================
Received Prepare
Registering precompiled user dll's ...
Registered in 0.002382 seconds.
Begin MonoManager ReloadAssembly
Native extension for WindowsStandalone target not found
Refreshing native plugins compatible for Editor in 0.50 ms, found 0 plugins.
Preloading 0 native plugins for Editor in 0.00 ms.
Invoked RoslynAnalysisRunner static constructor.
RoslynAnalysisRunner will not be running.
RoslynAnalysisRunner has terminated.
Mono: successfully reloaded assembly
- Completed reload, in  1.251 seconds
Platform modules already initialized, skipping
Shader 'Universal Render Pipeline/Particles/Lit': fallback shader 'Universal Render Pipeline/Particles/SimpleLit' not found
Refreshing native plugins compatible for Editor in 1.12 ms, found 0 plugins.
Preloading 0 native plugins for Editor in 0.00 ms.
Unloading 2300 Unused Serialized files (Serialized files now loaded: 0)
System memory in use before: 105.2 MB.
System memory in use after: 105.4 MB.

Unloading 5 unused Assets to reduce memory usage. Loaded Objects now: 2900.
Total: 7.981800 ms (FindLiveObjects: 0.677200 ms CreateObjectMapping: 0.300400 ms MarkObjects: 6.953400 ms  DeleteObjects: 0.046700 ms)

========================================================================
Received Prepare
Registering precompiled user dll's ...
Registered in 0.002080 seconds.
Begin MonoManager ReloadAssembly
Native extension for WindowsStandalone target not found
Refreshing native plugins compatible for Editor in 0.55 ms, found 0 plugins.
Preloading 0 native plugins for Editor in 0.00 ms.
Invoked RoslynAnalysisRunner static constructor.
RoslynAnalysisRunner will not be running.
RoslynAnalysisRunner has terminated.
Mono: successfully reloaded assembly
- Completed reload, in  1.324 seconds
Platform modules already initialized, skipping
Shader 'Universal Render Pipeline/Particles/Lit': fallback shader 'Universal Render Pipeline/Particles/SimpleLit' not found
Refreshing native plugins compatible for Editor in 1.30 ms, found 0 plugins.
Preloading 0 native plugins for Editor in 0.00 ms.
Unloading 2300 Unused Serialized files (Serialized files now loaded: 0)
System memory in use before: 105.2 MB.
System memory in use after: 105.4 MB.

Unloading 5 unused Assets to reduce memory usage. Loaded Objects now: 2903.
Total: 9.085900 ms (FindLiveObjects: 0.935800 ms CreateObjectMapping: 0.392600 ms MarkObjects: 7.702600 ms  DeleteObjects: 0.051300 ms)

========================================================================
Received Import Request.
  Time since last request: 1526.355598 seconds.
  path: Assets/Scripts/Game/CommandConfig.cs
  artifactKey: Guid(72ff02e3d1c492247bc844284c65da1f) Importer(815301076,1909f56bfc062723c751e8b465ee728b)
Start importing Assets/Scripts/Game/CommandConfig.cs using Guid(72ff02e3d1c492247bc844284c65da1f) Importer(815301076,1909f56bfc062723c751e8b465ee728b)  -> (artifact id: 'c29f01a68ac202f9ce82f0f678436581') in 0.016724 seconds
  Import took 0.023854 seconds .

========================================================================
Received Prepare
Registering precompiled user dll's ...
Registered in 0.002668 seconds.
Begin MonoManager ReloadAssembly
Native extension for WindowsStandalone target not found
Refreshing native plugins compatible for Editor in 0.55 ms, found 0 plugins.
Preloading 0 native plugins for Editor in 0.00 ms.
Invoked RoslynAnalysisRunner static constructor.
RoslynAnalysisRunner will not be running.
RoslynAnalysisRunner has terminated.
Mono: successfully reloaded assembly
- Completed reload, in  1.197 seconds
Platform modules already initialized, skipping
Shader 'Universal Render Pipeline/Particles/Lit': fallback shader 'Universal Render Pipeline/Particles/SimpleLit' not found
Refreshing native plugins compatible for Editor in 1.03 ms, found 0 plugins.
Preloading 0 native plugins for Editor in 0.00 ms.
Unloading 2301 Unused Serialized files (Serialized files now loaded: 0)
System memory in use before: 105.1 MB.
System memory in use after: 105.3 MB.

Unloading 5 unused Assets to reduce memory usage. Loaded Objects now: 2907.
Total: 6.073200 ms (FindLiveObjects: 0.793100 ms CreateObjectMapping: 0.396200 ms MarkObjects: 4.833900 ms  DeleteObjects: 0.038400 ms)

========================================================================
Received Prepare
Registering precompiled user dll's ...
Registered in 0.001908 seconds.
Begin MonoManager ReloadAssembly
Native extension for WindowsStandalone target not found
Refreshing native plugins compatible for Editor in 0.48 ms, found 0 plugins.
Preloading 0 native plugins for Editor in 0.00 ms.
Invoked RoslynAnalysisRunner static constructor.
RoslynAnalysisRunner will not be running.
RoslynAnalysisRunner has terminated.
Mono: successfully reloaded assembly
- Completed reload, in  1.294 seconds
Platform modules already initialized, skipping
Shader 'Universal Render Pipeline/Particles/Lit': fallback shader 'Universal Render Pipeline/Particles/SimpleLit' not found
Refreshing native plugins compatible for Editor in 1.13 ms, found 0 plugins.
Preloading 0 native plugins for Editor in 0.00 ms.
Unloading 2301 Unused Serialized files (Serialized files now loaded: 0)
System memory in use before: 105.2 MB.
System memory in use after: 105.4 MB.

Unloading 5 unused Assets to reduce memory usage. Loaded Objects now: 2910.
Total: 6.238100 ms (FindLiveObjects: 0.860300 ms CreateObjectMapping: 0.395300 ms MarkObjects: 4.928300 ms  DeleteObjects: 0.051200 ms)

========================================================================
Received Prepare
Registering precompiled user dll's ...
Registered in 0.001840 seconds.
Begin MonoManager ReloadAssembly
Native extension for WindowsStandalone target not found
Refreshing native plugins compatible for Editor in 0.67 ms, found 0 plugins.
Preloading 0 native plugins for Editor in 0.00 ms.
Invoked RoslynAnalysisRunner static constructor.
RoslynAnalysisRunner will not be running.
RoslynAnalysisRunner has terminated.
Mono: successfully reloaded assembly
- Completed reload, in  1.746 seconds
Platform modules already initialized, skipping
Shader 'Universal Render Pipeline/Particles/Lit': fallback shader 'Universal Render Pipeline/Particles/SimpleLit' not found
Refreshing native plugins compatible for Editor in 1.39 ms, found 0 plugins.
Preloading 0 native plugins for Editor in 0.00 ms.
Unloading 2301 Unused Serialized files (Serialized files now loaded: 0)
System memory in use before: 105.2 MB.
System memory in use after: 105.4 MB.

Unloading 5 unused Assets to reduce memory usage. Loaded Objects now: 2913.
Total: 19.834300 ms (FindLiveObjects: 3.147200 ms CreateObjectMapping: 2.939200 ms MarkObjects: 13.697800 ms  DeleteObjects: 0.047200 ms)

========================================================================
Received Prepare
Registering precompiled user dll's ...
Registered in 0.002017 seconds.
Begin MonoManager ReloadAssembly
Native extension for WindowsStandalone target not found
Refreshing native plugins compatible for Editor in 0.52 ms, found 0 plugins.
Preloading 0 native plugins for Editor in 0.00 ms.
Invoked RoslynAnalysisRunner static constructor.
RoslynAnalysisRunner will not be running.
RoslynAnalysisRunner has terminated.
Mono: successfully reloaded assembly
- Completed reload, in  1.011 seconds
Platform modules already initialized, skipping
Shader 'Universal Render Pipeline/Particles/Lit': fallback shader 'Universal Render Pipeline/Particles/SimpleLit' not found
Refreshing native plugins compatible for Editor in 6.82 ms, found 0 plugins.
Preloading 0 native plugins for Editor in 0.00 ms.
Unloading 2301 Unused Serialized files (Serialized files now loaded: 0)
System memory in use before: 105.2 MB.
System memory in use after: 105.4 MB.

Unloading 5 unused Assets to reduce memory usage. Loaded Objects now: 2916.
Total: 5.453900 ms (FindLiveObjects: 0.836200 ms CreateObjectMapping: 0.443400 ms MarkObjects: 4.122000 ms  DeleteObjects: 0.049200 ms)

========================================================================
Received Prepare
Registering precompiled user dll's ...
Registered in 0.001797 seconds.
Begin MonoManager ReloadAssembly
Native extension for WindowsStandalone target not found
Refreshing native plugins compatible for Editor in 0.53 ms, found 0 plugins.
Preloading 0 native plugins for Editor in 0.00 ms.
Invoked RoslynAnalysisRunner static constructor.
RoslynAnalysisRunner will not be running.
RoslynAnalysisRunner has terminated.
Mono: successfully reloaded assembly
- Completed reload, in  1.026 seconds
Platform modules already initialized, skipping
Shader 'Universal Render Pipeline/Particles/Lit': fallback shader 'Universal Render Pipeline/Particles/SimpleLit' not found
Refreshing native plugins compatible for Editor in 1.11 ms, found 0 plugins.
Preloading 0 native plugins for Editor in 0.00 ms.
Unloading 2301 Unused Serialized files (Serialized files now loaded: 0)
System memory in use before: 105.2 MB.
System memory in use after: 105.4 MB.

Unloading 5 unused Assets to reduce memory usage. Loaded Objects now: 2919.
Total: 5.539900 ms (FindLiveObjects: 0.720800 ms CreateObjectMapping: 0.246600 ms MarkObjects: 4.529400 ms  DeleteObjects: 0.039900 ms)

========================================================================
Received Prepare
Registering precompiled user dll's ...
Registered in 0.001646 seconds.
Begin MonoManager ReloadAssembly
Native extension for WindowsStandalone target not found
Refreshing native plugins compatible for Editor in 0.51 ms, found 0 plugins.
Preloading 0 native plugins for Editor in 0.00 ms.
Invoked RoslynAnalysisRunner static constructor.
RoslynAnalysisRunner will not be running.
RoslynAnalysisRunner has terminated.
Mono: successfully reloaded assembly
- Completed reload, in  0.986 seconds
Platform modules already initialized, skipping
Shader 'Universal Render Pipeline/Particles/Lit': fallback shader 'Universal Render Pipeline/Particles/SimpleLit' not found
Refreshing native plugins compatible for Editor in 0.98 ms, found 0 plugins.
Preloading 0 native plugins for Editor in 0.00 ms.
Unloading 2301 Unused Serialized files (Serialized files now loaded: 0)
System memory in use before: 105.1 MB.
System memory in use after: 105.3 MB.

Unloading 5 unused Assets to reduce memory usage. Loaded Objects now: 2922.
Total: 6.563400 ms (FindLiveObjects: 0.677100 ms CreateObjectMapping: 0.394400 ms MarkObjects: 5.116500 ms  DeleteObjects: 0.372500 ms)

========================================================================
Received Prepare
Registering precompiled user dll's ...
Registered in 0.001649 seconds.
Begin MonoManager ReloadAssembly
Native extension for WindowsStandalone target not found
Refreshing native plugins compatible for Editor in 0.49 ms, found 0 plugins.
Preloading 0 native plugins for Editor in 0.00 ms.
Invoked RoslynAnalysisRunner static constructor.
RoslynAnalysisRunner will not be running.
RoslynAnalysisRunner has terminated.
Mono: successfully reloaded assembly
- Completed reload, in  1.046 seconds
Platform modules already initialized, skipping
Shader 'Universal Render Pipeline/Particles/Lit': fallback shader 'Universal Render Pipeline/Particles/SimpleLit' not found
Refreshing native plugins compatible for Editor in 1.02 ms, found 0 plugins.
Preloading 0 native plugins for Editor in 0.00 ms.
Unloading 2301 Unused Serialized files (Serialized files now loaded: 0)
System memory in use before: 105.2 MB.
System memory in use after: 105.4 MB.

Unloading 5 unused Assets to reduce memory usage. Loaded Objects now: 2925.
Total: 6.993800 ms (FindLiveObjects: 0.683100 ms CreateObjectMapping: 0.352200 ms MarkObjects: 5.909300 ms  DeleteObjects: 0.046200 ms)

========================================================================
Received Prepare
Registering precompiled user dll's ...
Registered in 0.003032 seconds.
Begin MonoManager ReloadAssembly
Native extension for WindowsStandalone target not found
Refreshing native plugins compatible for Editor in 0.63 ms, found 0 plugins.
Preloading 0 native plugins for Editor in 0.00 ms.
Invoked RoslynAnalysisRunner static constructor.
RoslynAnalysisRunner will not be running.
RoslynAnalysisRunner has terminated.
Mono: successfully reloaded assembly
- Completed reload, in  1.724 seconds
Platform modules already initialized, skipping
Shader 'Universal Render Pipeline/Particles/Lit': fallback shader 'Universal Render Pipeline/Particles/SimpleLit' not found
Refreshing native plugins compatible for Editor in 1.33 ms, found 0 plugins.
Preloading 0 native plugins for Editor in 0.00 ms.
Unloading 2301 Unused Serialized files (Serialized files now loaded: 0)
System memory in use before: 105.2 MB.
System memory in use after: 105.4 MB.

Unloading 5 unused Assets to reduce memory usage. Loaded Objects now: 2928.
Total: 9.240300 ms (FindLiveObjects: 0.799300 ms CreateObjectMapping: 0.405500 ms MarkObjects: 7.965100 ms  DeleteObjects: 0.061200 ms)

========================================================================
Received Prepare
Registering precompiled user dll's ...
Registered in 0.002321 seconds.
Begin MonoManager ReloadAssembly
Native extension for WindowsStandalone target not found
Refreshing native plugins compatible for Editor in 0.46 ms, found 0 plugins.
Preloading 0 native plugins for Editor in 0.00 ms.
Invoked RoslynAnalysisRunner static constructor.
RoslynAnalysisRunner will not be running.
RoslynAnalysisRunner has terminated.
Mono: successfully reloaded assembly
- Completed reload, in  0.974 seconds
Platform modules already initialized, skipping
Shader 'Universal Render Pipeline/Particles/Lit': fallback shader 'Universal Render Pipeline/Particles/SimpleLit' not found
Refreshing native plugins compatible for Editor in 0.99 ms, found 0 plugins.
Preloading 0 native plugins for Editor in 0.00 ms.
Unloading 2301 Unused Serialized files (Serialized files now loaded: 0)
System memory in use before: 105.2 MB.
System memory in use after: 105.4 MB.

Unloading 5 unused Assets to reduce memory usage. Loaded Objects now: 2931.
Total: 11.701200 ms (FindLiveObjects: 1.331600 ms CreateObjectMapping: 0.453800 ms MarkObjects: 9.866900 ms  DeleteObjects: 0.046200 ms)

========================================================================
Received Import Request.
  Time since last request: 1184.165172 seconds.
  path: Assets/Commands/Function.asset
  artifactKey: Guid(de1e3142c9b1e024fb3ea846ba78251d) Importer(815301076,1909f56bfc062723c751e8b465ee728b)
Start importing Assets/Commands/Function.asset using Guid(de1e3142c9b1e024fb3ea846ba78251d) Importer(815301076,1909f56bfc062723c751e8b465ee728b)  -> (artifact id: 'e4e58067001be80d3c9dd8007d0b58f1') in 0.054352 seconds
  Import took 0.059379 seconds .

========================================================================
Received Prepare
Registering precompiled user dll's ...
Registered in 0.001995 seconds.
Begin MonoManager ReloadAssembly
Native extension for WindowsStandalone target not found
Refreshing native plugins compatible for Editor in 0.60 ms, found 0 plugins.
Preloading 0 native plugins for Editor in 0.00 ms.
Invoked RoslynAnalysisRunner static constructor.
RoslynAnalysisRunner will not be running.
RoslynAnalysisRunner has terminated.
Mono: successfully reloaded assembly
- Completed reload, in  1.241 seconds
Platform modules already initialized, skipping
Shader 'Universal Render Pipeline/Particles/Lit': fallback shader 'Universal Render Pipeline/Particles/SimpleLit' not found
Refreshing native plugins compatible for Editor in 1.46 ms, found 0 plugins.
Preloading 0 native plugins for Editor in 0.00 ms.
Unloading 2301 Unused Serialized files (Serialized files now loaded: 0)
System memory in use before: 105.2 MB.
System memory in use after: 105.5 MB.

Unloading 5 unused Assets to reduce memory usage. Loaded Objects now: 2934.
Total: 9.470600 ms (FindLiveObjects: 0.930200 ms CreateObjectMapping: 0.381900 ms MarkObjects: 8.102800 ms  DeleteObjects: 0.051200 ms)

========================================================================
Received Import Request.
  Time since last request: 18.941859 seconds.
  path: Assets/Commands/Jump.asset
  artifactKey: Guid(6a1f52495562a6b49921225f1970f45c) Importer(815301076,1909f56bfc062723c751e8b465ee728b)
Start importing Assets/Commands/Jump.asset using Guid(6a1f52495562a6b49921225f1970f45c) Importer(815301076,1909f56bfc062723c751e8b465ee728b)  -> (artifact id: '7c20941e6224947d55aa182ce6f3c01b') in 0.025008 seconds
  Import took 0.031255 seconds .

========================================================================
Received Import Request.
  Time since last request: 0.000616 seconds.
  path: Assets/Commands/Light.asset
  artifactKey: Guid(ade24b08da4663a4f8acf2fb230051d0) Importer(815301076,1909f56bfc062723c751e8b465ee728b)
Start importing Assets/Commands/Light.asset using Guid(ade24b08da4663a4f8acf2fb230051d0) Importer(815301076,1909f56bfc062723c751e8b465ee728b)  -> (artifact id: '7e5724117e3b62bceee1af71167eefce') in 0.012191 seconds
  Import took 0.018974 seconds .

========================================================================
Received Import Request.
  Time since last request: 0.000432 seconds.
  path: Assets/Commands/Walk.asset
  artifactKey: Guid(3ed52adfef543514d9bcf0aef265ff46) Importer(815301076,1909f56bfc062723c751e8b465ee728b)
Start importing Assets/Commands/Walk.asset using Guid(3ed52adfef543514d9bcf0aef265ff46) Importer(815301076,1909f56bfc062723c751e8b465ee728b)  -> (artifact id: '284b3eb3116ee6adfb258d468d044079') in 0.010307 seconds
  Import took 0.017291 seconds .

========================================================================
Received Import Request.
  Time since last request: 0.000505 seconds.
  path: Assets/Commands/TurnLeft.asset
  artifactKey: Guid(d207995b54420e54c8872bb66e24707c) Importer(815301076,1909f56bfc062723c751e8b465ee728b)
Start importing Assets/Commands/TurnLeft.asset using Guid(d207995b54420e54c8872bb66e24707c) Importer(815301076,1909f56bfc062723c751e8b465ee728b)  -> (artifact id: 'd37305cf02a580c9ff1d936e549a173f') in 0.011474 seconds
  Import took 0.020048 seconds .

========================================================================
Received Import Request.
  Time since last request: 0.000821 seconds.
  path: Assets/Commands/TurnRight.asset
  artifactKey: Guid(787c72d9d30d5374ebc47ed52cc58c6b) Importer(815301076,1909f56bfc062723c751e8b465ee728b)
Start importing Assets/Commands/TurnRight.asset using Guid(787c72d9d30d5374ebc47ed52cc58c6b) Importer(815301076,1909f56bfc062723c751e8b465ee728b)  -> (artifact id: 'a7d5fd949f1882a22e8f58176e387117') in 0.009993 seconds
  Import took 0.016683 seconds .

========================================================================
Received Prepare
Registering precompiled user dll's ...
Registered in 0.002730 seconds.
Begin MonoManager ReloadAssembly
Native extension for WindowsStandalone target not found
Refreshing native plugins compatible for Editor in 0.79 ms, found 0 plugins.
Preloading 0 native plugins for Editor in 0.00 ms.
Invoked RoslynAnalysisRunner static constructor.
RoslynAnalysisRunner will not be running.
RoslynAnalysisRunner has terminated.
Mono: successfully reloaded assembly
- Completed reload, in  2.437 seconds
Platform modules already initialized, skipping
Shader 'Universal Render Pipeline/Particles/Lit': fallback shader 'Universal Render Pipeline/Particles/SimpleLit' not found
Refreshing native plugins compatible for Editor in 1.45 ms, found 0 plugins.
Preloading 0 native plugins for Editor in 0.00 ms.
Unloading 2301 Unused Serialized files (Serialized files now loaded: 0)
System memory in use before: 105.1 MB.
System memory in use after: 105.4 MB.

Unloading 5 unused Assets to reduce memory usage. Loaded Objects now: 2937.
Total: 8.954600 ms (FindLiveObjects: 0.789200 ms CreateObjectMapping: 0.498700 ms MarkObjects: 7.577100 ms  DeleteObjects: 0.085500 ms)

========================================================================
Received Prepare
Registering precompiled user dll's ...
Registered in 0.005427 seconds.
Begin MonoManager ReloadAssembly
Native extension for WindowsStandalone target not found
Refreshing native plugins compatible for Editor in 1.17 ms, found 0 plugins.
Preloading 0 native plugins for Editor in 0.00 ms.
Invoked RoslynAnalysisRunner static constructor.
RoslynAnalysisRunner will not be running.
RoslynAnalysisRunner has terminated.
Mono: successfully reloaded assembly
- Completed reload, in  2.280 seconds
Platform modules already initialized, skipping
Shader 'Universal Render Pipeline/Particles/Lit': fallback shader 'Universal Render Pipeline/Particles/SimpleLit' not found
Refreshing native plugins compatible for Editor in 1.38 ms, found 0 plugins.
Preloading 0 native plugins for Editor in 0.00 ms.
Unloading 2301 Unused Serialized files (Serialized files now loaded: 0)
System memory in use before: 105.2 MB.
System memory in use after: 105.5 MB.

Unloading 5 unused Assets to reduce memory usage. Loaded Objects now: 2940.
Total: 13.886300 ms (FindLiveObjects: 1.768700 ms CreateObjectMapping: 0.584000 ms MarkObjects: 11.471900 ms  DeleteObjects: 0.056400 ms)

========================================================================
Received Prepare
Registering precompiled user dll's ...
Registered in 0.002502 seconds.
Begin MonoManager ReloadAssembly
Native extension for WindowsStandalone target not found
Refreshing native plugins compatible for Editor in 0.83 ms, found 0 plugins.
Preloading 0 native plugins for Editor in 0.00 ms.
Invoked RoslynAnalysisRunner static constructor.
RoslynAnalysisRunner will not be running.
RoslynAnalysisRunner has terminated.
Mono: successfully reloaded assembly
- Completed reload, in  1.808 seconds
Platform modules already initialized, skipping
Shader 'Universal Render Pipeline/Particles/Lit': fallback shader 'Universal Render Pipeline/Particles/SimpleLit' not found
Refreshing native plugins compatible for Editor in 1.20 ms, found 0 plugins.
Preloading 0 native plugins for Editor in 0.00 ms.
Unloading 2301 Unused Serialized files (Serialized files now loaded: 0)
System memory in use before: 105.3 MB.
System memory in use after: 105.5 MB.

Unloading 5 unused Assets to reduce memory usage. Loaded Objects now: 2943.
Total: 4.787800 ms (FindLiveObjects: 0.735000 ms CreateObjectMapping: 0.263400 ms MarkObjects: 3.733900 ms  DeleteObjects: 0.051800 ms)

AssetImportWorkerClient::OnTransportError - code=2 error=End of file
