Using pre-set license
Built from '2020.2/staging' branch; Version is '2020.2.7f1 (c53830e277f1) revision 12924976'; Using compiler version '192528614'; Build Type 'Release'
OS: 'Windows 10 Home; OS build 22000.1098; Version 2009; 64bit' Language: 'en' Physical Memory: 16225 MB
BatchMode: 1, IsHumanControllingUs: 0, StartBugReporterOnCrash: 0, Is64bit: 1, IsPro: 0

 COMMAND LINE ARGUMENTS:
D:\Program Files\Unity\Editor\Unity.exe
-adb2
-batchMode
-noUpm
-name
AssetImportWorker1
-projectPath
D:/Unity Projects/LightBot 2
-logFile
Logs/AssetImportWorker1.log
-srvPort
52020
Successfully changed project path to: D:/Unity Projects/LightBot 2
D:/Unity Projects/LightBot 2
Using Asset Import Pipeline V2.
Refreshing native plugins compatible for Editor in 108.71 ms, found 0 plugins.
Preloading 0 native plugins for Editor in 0.00 ms.
Initialize engine version: 2020.2.7f1 (c53830e277f1)
[Subsystems] Discovering subsystems at path D:/Program Files/Unity/Editor/Data/Resources/UnitySubsystems
[Subsystems] Discovering subsystems at path D:/Unity Projects/LightBot 2/Assets
GfxDevice: creating device client; threaded=0
Direct3D:
    Version:  Direct3D 11.0 [level 11.1]
    Renderer: Intel(R) UHD Graphics 620 (ID=0x5917)
    Vendor:   
    VRAM:     8112 MB
    Driver:   22.20.16.4836
Shader 'Universal Render Pipeline/Particles/Lit': fallback shader 'Universal Render Pipeline/Particles/SimpleLit' not found
Initialize mono
Mono path[0] = 'D:/Program Files/Unity/Editor/Data/Managed'
Mono path[1] = 'D:/Program Files/Unity/Editor/Data/MonoBleedingEdge/lib/mono/unityjit'
Mono config path = 'D:/Program Files/Unity/Editor/Data/MonoBleedingEdge/etc'
Using monoOptions --debugger-agent=transport=dt_socket,embedding=1,server=y,suspend=n,address=127.0.0.1:56056
Begin MonoManager ReloadAssembly
Registering precompiled unity dll's ...
Register platform support module: D:/Program Files/Unity/Editor/Data/PlaybackEngines/WindowsStandaloneSupport/UnityEditor.WindowsStandalone.Extensions.dll
Registered in 0.001808 seconds.
Native extension for WindowsStandalone target not found
Refreshing native plugins compatible for Editor in 97.07 ms, found 0 plugins.
Preloading 0 native plugins for Editor in 0.00 ms.
Invoked RoslynAnalysisRunner static constructor.
RoslynAnalysisRunner will not be running.
RoslynAnalysisRunner has terminated.
Mono: successfully reloaded assembly
- Completed reload, in  2.633 seconds
Platform modules already initialized, skipping
Registering precompiled user dll's ...
Registered in 0.002414 seconds.
Begin MonoManager ReloadAssembly
Native extension for WindowsStandalone target not found
Refreshing native plugins compatible for Editor in 90.57 ms, found 0 plugins.
Preloading 0 native plugins for Editor in 0.00 ms.
Invoked RoslynAnalysisRunner static constructor.
RoslynAnalysisRunner will not be running.
RoslynAnalysisRunner has terminated.
Mono: successfully reloaded assembly
- Completed reload, in  1.957 seconds
Platform modules already initialized, skipping
========================================================================
Worker process is ready to serve import requests
Shader 'Universal Render Pipeline/Particles/Lit': fallback shader 'Universal Render Pipeline/Particles/SimpleLit' not found
Launched and connected shader compiler UnityShaderCompiler.exe after 0.13 seconds
Refreshing native plugins compatible for Editor in 1.31 ms, found 0 plugins.
Preloading 0 native plugins for Editor in 0.00 ms.
Unloading 2397 Unused Serialized files (Serialized files now loaded: 0)
System memory in use before: 111.5 MB.
System memory in use after: 111.7 MB.

Unloading 10 unused Assets to reduce memory usage. Loaded Objects now: 2841.
Total: 9.559700 ms (FindLiveObjects: 1.586000 ms CreateObjectMapping: 1.376800 ms MarkObjects: 6.395200 ms  DeleteObjects: 0.197900 ms)

========================================================================
Received Import Request.
  path: Assets/Scripts/CommandSystem/Logic/CommandManager.cs
  artifactKey: Guid(dd8fb9938df8f2649bfff81f223dd3fd) Importer(815301076,1909f56bfc062723c751e8b465ee728b)
Start importing Assets/Scripts/CommandSystem/Logic/CommandManager.cs using Guid(dd8fb9938df8f2649bfff81f223dd3fd) Importer(815301076,1909f56bfc062723c751e8b465ee728b)  -> (artifact id: 'e3e561424c12a666192b53c86714192b') in 0.129868 seconds
  Import took 0.145024 seconds .

========================================================================
Received Import Request.
  Time since last request: 4.466680 seconds.
  path: Assets/Scripts/Level
  artifactKey: Guid(1c5732b2c116bff4b8b2c65cfe93ad53) Importer(815301076,1909f56bfc062723c751e8b465ee728b)
Start importing Assets/Scripts/Level using Guid(1c5732b2c116bff4b8b2c65cfe93ad53) Importer(815301076,1909f56bfc062723c751e8b465ee728b)  -> (artifact id: '9c9e604d69acb0c5b964a7ad5d12126f') in 0.007308 seconds
  Import took 0.013022 seconds .

========================================================================
Received Import Request.
  Time since last request: 27.302065 seconds.
  path: Assets/Scripts/Level/NewBehaviourScript.cs
  artifactKey: Guid(f4ee21dbe93032d4082376218a426fcd) Importer(815301076,1909f56bfc062723c751e8b465ee728b)
Start importing Assets/Scripts/Level/NewBehaviourScript.cs using Guid(f4ee21dbe93032d4082376218a426fcd) Importer(815301076,1909f56bfc062723c751e8b465ee728b)  -> (artifact id: '62339769b1c2f56256b74acd71f38ecd') in 0.008384 seconds
  Import took 0.013976 seconds .

========================================================================
Received Prepare
Registering precompiled user dll's ...
Registered in 0.002017 seconds.
Begin MonoManager ReloadAssembly
Native extension for WindowsStandalone target not found
Refreshing native plugins compatible for Editor in 0.60 ms, found 0 plugins.
Preloading 0 native plugins for Editor in 0.00 ms.
Invoked RoslynAnalysisRunner static constructor.
RoslynAnalysisRunner will not be running.
RoslynAnalysisRunner has terminated.
Mono: successfully reloaded assembly
- Completed reload, in  1.597 seconds
Platform modules already initialized, skipping
Shader 'Universal Render Pipeline/Particles/Lit': fallback shader 'Universal Render Pipeline/Particles/SimpleLit' not found
Refreshing native plugins compatible for Editor in 1.48 ms, found 0 plugins.
Preloading 0 native plugins for Editor in 0.00 ms.
Unloading 2310 Unused Serialized files (Serialized files now loaded: 0)
System memory in use before: 105.2 MB.
System memory in use after: 105.4 MB.

Unloading 5 unused Assets to reduce memory usage. Loaded Objects now: 2844.
Total: 6.556000 ms (FindLiveObjects: 0.687000 ms CreateObjectMapping: 0.478700 ms MarkObjects: 5.311200 ms  DeleteObjects: 0.075900 ms)

========================================================================
Received Import Request.
  Time since last request: 11.445150 seconds.
  path: Assets/Scripts/Character.cs
  artifactKey: Guid(c91390f9580a44241a817406bcd90452) Importer(815301076,1909f56bfc062723c751e8b465ee728b)
Start importing Assets/Scripts/Character.cs using Guid(c91390f9580a44241a817406bcd90452) Importer(815301076,1909f56bfc062723c751e8b465ee728b)  -> (artifact id: 'c0848273ac47061f68ea0873ca2e7379') in 0.027742 seconds
  Import took 0.040029 seconds .

========================================================================
Received Import Request.
  Time since last request: 5.241735 seconds.
  path: Assets/Scripts/Level/Logic
  artifactKey: Guid(73d235a5f9d3ee242ac1d48025b01b9c) Importer(815301076,1909f56bfc062723c751e8b465ee728b)
Start importing Assets/Scripts/Level/Logic using Guid(73d235a5f9d3ee242ac1d48025b01b9c) Importer(815301076,1909f56bfc062723c751e8b465ee728b)  -> (artifact id: '38677b1f3bede0461cf0b6b74dac5390') in 0.008278 seconds
  Import took 0.013553 seconds .

========================================================================
Received Import Request.
  Time since last request: 17.330509 seconds.
  path: Assets/Scripts/Level/COnfig
  artifactKey: Guid(7053b577910a88444b19237ea90d3288) Importer(815301076,1909f56bfc062723c751e8b465ee728b)
Start importing Assets/Scripts/Level/COnfig using Guid(7053b577910a88444b19237ea90d3288) Importer(815301076,1909f56bfc062723c751e8b465ee728b)  -> (artifact id: '20f60a66d5b67ed23a1cfa03db4066eb') in 0.008197 seconds
  Import took 0.013671 seconds .

========================================================================
Received Import Request.
  Time since last request: 5.499479 seconds.
  path: Assets/Scripts/Level/Config
  artifactKey: Guid(7053b577910a88444b19237ea90d3288) Importer(815301076,1909f56bfc062723c751e8b465ee728b)
Start importing Assets/Scripts/Level/Config using Guid(7053b577910a88444b19237ea90d3288) Importer(815301076,1909f56bfc062723c751e8b465ee728b)  -> (artifact id: '548d48dd5e2306957691784171d5e84f') in 0.008405 seconds
  Import took 0.014617 seconds .

========================================================================
Received Import Request.
  Time since last request: 7.997319 seconds.
  path: Assets/Scripts/Level/Presentation
  artifactKey: Guid(a392ed52a46ad45498898f6a3c9d0446) Importer(815301076,1909f56bfc062723c751e8b465ee728b)
Start importing Assets/Scripts/Level/Presentation using Guid(a392ed52a46ad45498898f6a3c9d0446) Importer(815301076,1909f56bfc062723c751e8b465ee728b)  -> (artifact id: '1b039dda2b8dc3c98bdcde231fd99b6d') in 0.007717 seconds
  Import took 0.012415 seconds .

========================================================================
Received Import Request.
  Time since last request: 12.771849 seconds.
  path: Assets/Scripts/Level/Config/LevelPresentationConfig.cs
  artifactKey: Guid(aac9c135386c74948a588e48665061ac) Importer(815301076,1909f56bfc062723c751e8b465ee728b)
Start importing Assets/Scripts/Level/Config/LevelPresentationConfig.cs using Guid(aac9c135386c74948a588e48665061ac) Importer(815301076,1909f56bfc062723c751e8b465ee728b)  -> (artifact id: '5167e04022c8884b07815ea9bdcbd236') in 0.007231 seconds
  Import took 0.013349 seconds .

========================================================================
Received Import Request.
  Time since last request: 0.032909 seconds.
  path: Assets/Scripts/Level/Config/LevelPresentationConfig.cs
  artifactKey: Guid(aac9c135386c74948a588e48665061ac) Importer(815301076,1909f56bfc062723c751e8b465ee728b)
Start importing Assets/Scripts/Level/Config/LevelPresentationConfig.cs using Guid(aac9c135386c74948a588e48665061ac) Importer(815301076,1909f56bfc062723c751e8b465ee728b)  -> (artifact id: '5167e04022c8884b07815ea9bdcbd236') in 0.003571 seconds
  Import took 0.009046 seconds .

========================================================================
Received Prepare
Registering precompiled user dll's ...
Registered in 0.001655 seconds.
Begin MonoManager ReloadAssembly
Native extension for WindowsStandalone target not found
Refreshing native plugins compatible for Editor in 0.63 ms, found 0 plugins.
Preloading 0 native plugins for Editor in 0.00 ms.
Invoked RoslynAnalysisRunner static constructor.
RoslynAnalysisRunner will not be running.
RoslynAnalysisRunner has terminated.
Mono: successfully reloaded assembly
- Completed reload, in  1.558 seconds
Platform modules already initialized, skipping
Shader 'Universal Render Pipeline/Particles/Lit': fallback shader 'Universal Render Pipeline/Particles/SimpleLit' not found
Refreshing native plugins compatible for Editor in 1.28 ms, found 0 plugins.
Preloading 0 native plugins for Editor in 0.00 ms.
Unloading 2311 Unused Serialized files (Serialized files now loaded: 0)
System memory in use before: 105.3 MB.
System memory in use after: 105.5 MB.

Unloading 5 unused Assets to reduce memory usage. Loaded Objects now: 2848.
Total: 6.900700 ms (FindLiveObjects: 0.734600 ms CreateObjectMapping: 0.377200 ms MarkObjects: 5.578500 ms  DeleteObjects: 0.206700 ms)

========================================================================
Received Import Request.
  Time since last request: 15.309838 seconds.
  path: Assets/Scripts/Level/Logic/LevelsController.cs
  artifactKey: Guid(bed0c01d2b3973141b4d824a2e6697d6) Importer(815301076,1909f56bfc062723c751e8b465ee728b)
Start importing Assets/Scripts/Level/Logic/LevelsController.cs using Guid(bed0c01d2b3973141b4d824a2e6697d6) Importer(815301076,1909f56bfc062723c751e8b465ee728b)  -> (artifact id: '3c172a1a5a78c8fbe8edbb458bf1cdc9') in 0.011932 seconds
  Import took 0.018507 seconds .

========================================================================
Received Prepare
Registering precompiled user dll's ...
Registered in 0.002205 seconds.
Begin MonoManager ReloadAssembly
Native extension for WindowsStandalone target not found
Refreshing native plugins compatible for Editor in 0.68 ms, found 0 plugins.
Preloading 0 native plugins for Editor in 0.00 ms.
Invoked RoslynAnalysisRunner static constructor.
RoslynAnalysisRunner will not be running.
RoslynAnalysisRunner has terminated.
Mono: successfully reloaded assembly
- Completed reload, in  1.562 seconds
Platform modules already initialized, skipping
Shader 'Universal Render Pipeline/Particles/Lit': fallback shader 'Universal Render Pipeline/Particles/SimpleLit' not found
Refreshing native plugins compatible for Editor in 1.29 ms, found 0 plugins.
Preloading 0 native plugins for Editor in 0.00 ms.
Unloading 2312 Unused Serialized files (Serialized files now loaded: 0)
System memory in use before: 105.3 MB.
System memory in use after: 105.5 MB.

Unloading 5 unused Assets to reduce memory usage. Loaded Objects now: 2852.
Total: 7.370500 ms (FindLiveObjects: 0.708600 ms CreateObjectMapping: 0.359200 ms MarkObjects: 6.235200 ms  DeleteObjects: 0.065000 ms)

========================================================================
Received Import Request.
  Time since last request: 14.405165 seconds.
  path: Assets/Scripts/Level/Logic/CurrentLevelManager.cs
  artifactKey: Guid(ce218c01a23fba64f887172e625816a3) Importer(815301076,1909f56bfc062723c751e8b465ee728b)
Start importing Assets/Scripts/Level/Logic/CurrentLevelManager.cs using Guid(ce218c01a23fba64f887172e625816a3) Importer(815301076,1909f56bfc062723c751e8b465ee728b)  -> (artifact id: 'aec553c0f219c8bd31fe52f0757ee215') in 0.013395 seconds
  Import took 0.019075 seconds .

========================================================================
Received Import Request.
  Time since last request: 0.054190 seconds.
  path: Assets/Scripts/Level/Logic/CurrentLevelManager.cs
  artifactKey: Guid(ce218c01a23fba64f887172e625816a3) Importer(815301076,1909f56bfc062723c751e8b465ee728b)
Start importing Assets/Scripts/Level/Logic/CurrentLevelManager.cs using Guid(ce218c01a23fba64f887172e625816a3) Importer(815301076,1909f56bfc062723c751e8b465ee728b)  -> (artifact id: 'aec553c0f219c8bd31fe52f0757ee215') in 0.031503 seconds
  Import took 0.040374 seconds .

========================================================================
Received Prepare
Registering precompiled user dll's ...
Registered in 0.002092 seconds.
Begin MonoManager ReloadAssembly
Native extension for WindowsStandalone target not found
Refreshing native plugins compatible for Editor in 0.60 ms, found 0 plugins.
Preloading 0 native plugins for Editor in 0.00 ms.
Invoked RoslynAnalysisRunner static constructor.
RoslynAnalysisRunner will not be running.
RoslynAnalysisRunner has terminated.
Mono: successfully reloaded assembly
- Completed reload, in  1.556 seconds
Platform modules already initialized, skipping
Shader 'Universal Render Pipeline/Particles/Lit': fallback shader 'Universal Render Pipeline/Particles/SimpleLit' not found
Refreshing native plugins compatible for Editor in 1.31 ms, found 0 plugins.
Preloading 0 native plugins for Editor in 0.00 ms.
Unloading 2313 Unused Serialized files (Serialized files now loaded: 0)
System memory in use before: 105.3 MB.
System memory in use after: 105.5 MB.

Unloading 5 unused Assets to reduce memory usage. Loaded Objects now: 2856.
Total: 8.581400 ms (FindLiveObjects: 0.881400 ms CreateObjectMapping: 0.483700 ms MarkObjects: 7.145100 ms  DeleteObjects: 0.067900 ms)

========================================================================
Received Import Request.
  Time since last request: 15.419424 seconds.
  path: Assets/Scripts/Level/Presentation/LevelManagerPresentation.cs
  artifactKey: Guid(12b659f82f878b24a93ec20ea8bccf52) Importer(815301076,1909f56bfc062723c751e8b465ee728b)
Start importing Assets/Scripts/Level/Presentation/LevelManagerPresentation.cs using Guid(12b659f82f878b24a93ec20ea8bccf52) Importer(815301076,1909f56bfc062723c751e8b465ee728b)  -> (artifact id: 'e3f88269d918d07bd6bd1fbe0c62e50a') in 0.013304 seconds
  Import took 0.018758 seconds .

========================================================================
Received Import Request.
  Time since last request: 0.037151 seconds.
  path: Assets/Scripts/Level/Presentation/LevelManagerPresentation.cs
  artifactKey: Guid(12b659f82f878b24a93ec20ea8bccf52) Importer(815301076,1909f56bfc062723c751e8b465ee728b)
Start importing Assets/Scripts/Level/Presentation/LevelManagerPresentation.cs using Guid(12b659f82f878b24a93ec20ea8bccf52) Importer(815301076,1909f56bfc062723c751e8b465ee728b)  -> (artifact id: 'e3f88269d918d07bd6bd1fbe0c62e50a') in 0.005235 seconds
  Import took 0.011351 seconds .

========================================================================
Received Prepare
Registering precompiled user dll's ...
Registered in 0.002099 seconds.
Begin MonoManager ReloadAssembly
Native extension for WindowsStandalone target not found
Refreshing native plugins compatible for Editor in 0.62 ms, found 0 plugins.
Preloading 0 native plugins for Editor in 0.00 ms.
Invoked RoslynAnalysisRunner static constructor.
RoslynAnalysisRunner will not be running.
RoslynAnalysisRunner has terminated.
Mono: successfully reloaded assembly
- Completed reload, in  1.517 seconds
Platform modules already initialized, skipping
Shader 'Universal Render Pipeline/Particles/Lit': fallback shader 'Universal Render Pipeline/Particles/SimpleLit' not found
Refreshing native plugins compatible for Editor in 1.33 ms, found 0 plugins.
Preloading 0 native plugins for Editor in 0.00 ms.
Unloading 2314 Unused Serialized files (Serialized files now loaded: 0)
System memory in use before: 105.3 MB.
System memory in use after: 105.5 MB.

Unloading 5 unused Assets to reduce memory usage. Loaded Objects now: 2860.
Total: 6.741100 ms (FindLiveObjects: 0.708000 ms CreateObjectMapping: 0.326400 ms MarkObjects: 5.647200 ms  DeleteObjects: 0.055900 ms)

========================================================================
Received Import Request.
  Time since last request: 22.717598 seconds.
  path: Assets/Scripts/Level/LevelLayerController.cs
  artifactKey: Guid(2ad00c7b214cfb542bd933e8e02e1940) Importer(815301076,1909f56bfc062723c751e8b465ee728b)
Start importing Assets/Scripts/Level/LevelLayerController.cs using Guid(2ad00c7b214cfb542bd933e8e02e1940) Importer(815301076,1909f56bfc062723c751e8b465ee728b)  -> (artifact id: 'cd404c2a610e479fe326e89ee4c065ec') in 0.013012 seconds
  Import took 0.018084 seconds .

========================================================================
Received Prepare
Registering precompiled user dll's ...
Registered in 0.002394 seconds.
Begin MonoManager ReloadAssembly
Native extension for WindowsStandalone target not found
Refreshing native plugins compatible for Editor in 0.63 ms, found 0 plugins.
Preloading 0 native plugins for Editor in 0.00 ms.
Invoked RoslynAnalysisRunner static constructor.
RoslynAnalysisRunner will not be running.
RoslynAnalysisRunner has terminated.
Mono: successfully reloaded assembly
- Completed reload, in  1.670 seconds
Platform modules already initialized, skipping
Shader 'Universal Render Pipeline/Particles/Lit': fallback shader 'Universal Render Pipeline/Particles/SimpleLit' not found
Refreshing native plugins compatible for Editor in 1.54 ms, found 0 plugins.
Preloading 0 native plugins for Editor in 0.00 ms.
Unloading 2315 Unused Serialized files (Serialized files now loaded: 0)
System memory in use before: 105.4 MB.
System memory in use after: 105.6 MB.

Unloading 5 unused Assets to reduce memory usage. Loaded Objects now: 2864.
Total: 8.023200 ms (FindLiveObjects: 0.924000 ms CreateObjectMapping: 0.343900 ms MarkObjects: 6.616500 ms  DeleteObjects: 0.133100 ms)

========================================================================
Received Import Request.
  Time since last request: 30.191492 seconds.
  path: Assets/Scripts/Level/LevelLayerFactory.cs
  artifactKey: Guid(75459bddc5f9d0b44aff968185cb7866) Importer(815301076,1909f56bfc062723c751e8b465ee728b)
Start importing Assets/Scripts/Level/LevelLayerFactory.cs using Guid(75459bddc5f9d0b44aff968185cb7866) Importer(815301076,1909f56bfc062723c751e8b465ee728b)  -> (artifact id: '114e556be65b940bd2fb2033a5fdcc82') in 0.009206 seconds
  Import took 0.015572 seconds .

========================================================================
Received Import Request.
  Time since last request: 0.024980 seconds.
  path: Assets/Scripts/Level/LevelLayerFactory.cs
  artifactKey: Guid(75459bddc5f9d0b44aff968185cb7866) Importer(815301076,1909f56bfc062723c751e8b465ee728b)
Start importing Assets/Scripts/Level/LevelLayerFactory.cs using Guid(75459bddc5f9d0b44aff968185cb7866) Importer(815301076,1909f56bfc062723c751e8b465ee728b)  -> (artifact id: '114e556be65b940bd2fb2033a5fdcc82') in 0.002822 seconds
  Import took 0.007801 seconds .

========================================================================
Received Prepare
Registering precompiled user dll's ...
Registered in 0.002117 seconds.
Begin MonoManager ReloadAssembly
Native extension for WindowsStandalone target not found
Refreshing native plugins compatible for Editor in 0.64 ms, found 0 plugins.
Preloading 0 native plugins for Editor in 0.00 ms.
Invoked RoslynAnalysisRunner static constructor.
RoslynAnalysisRunner will not be running.
RoslynAnalysisRunner has terminated.
Mono: successfully reloaded assembly
- Completed reload, in  1.519 seconds
Platform modules already initialized, skipping
Shader 'Universal Render Pipeline/Particles/Lit': fallback shader 'Universal Render Pipeline/Particles/SimpleLit' not found
Refreshing native plugins compatible for Editor in 1.35 ms, found 0 plugins.
Preloading 0 native plugins for Editor in 0.00 ms.
Unloading 2316 Unused Serialized files (Serialized files now loaded: 0)
System memory in use before: 105.4 MB.
System memory in use after: 105.6 MB.

Unloading 5 unused Assets to reduce memory usage. Loaded Objects now: 2868.
Total: 7.841200 ms (FindLiveObjects: 0.850100 ms CreateObjectMapping: 0.423200 ms MarkObjects: 6.511800 ms  DeleteObjects: 0.051900 ms)

========================================================================
Received Import Request.
  Time since last request: 288.595484 seconds.
  path: Assets/Scripts/Level/Config/LevelPresentationConfig.cs
  artifactKey: Guid(aac9c135386c74948a588e48665061ac) Importer(815301076,1909f56bfc062723c751e8b465ee728b)
Start importing Assets/Scripts/Level/Config/LevelPresentationConfig.cs using Guid(aac9c135386c74948a588e48665061ac) Importer(815301076,1909f56bfc062723c751e8b465ee728b)  -> (artifact id: 'de1bc1f03e0f92da6b5b908b1b0af8fc') in 0.022428 seconds
  Import took 0.033274 seconds .

========================================================================
Received Prepare
Registering precompiled user dll's ...
Registered in 0.002205 seconds.
Begin MonoManager ReloadAssembly
Native extension for WindowsStandalone target not found
Refreshing native plugins compatible for Editor in 0.79 ms, found 0 plugins.
Preloading 0 native plugins for Editor in 0.00 ms.
Invoked RoslynAnalysisRunner static constructor.
RoslynAnalysisRunner will not be running.
RoslynAnalysisRunner has terminated.
Mono: successfully reloaded assembly
- Completed reload, in  1.499 seconds
Platform modules already initialized, skipping
Shader 'Universal Render Pipeline/Particles/Lit': fallback shader 'Universal Render Pipeline/Particles/SimpleLit' not found
Refreshing native plugins compatible for Editor in 1.56 ms, found 0 plugins.
Preloading 0 native plugins for Editor in 0.00 ms.
Unloading 2316 Unused Serialized files (Serialized files now loaded: 0)
System memory in use before: 105.4 MB.
System memory in use after: 105.6 MB.

Unloading 5 unused Assets to reduce memory usage. Loaded Objects now: 2871.
Total: 9.043600 ms (FindLiveObjects: 0.812900 ms CreateObjectMapping: 0.425900 ms MarkObjects: 7.747400 ms  DeleteObjects: 0.054300 ms)

========================================================================
Received Import Request.
  Time since last request: 43.145774 seconds.
  path: Assets/Scripts/Level/Config/LevelPresentationConfig.cs
  artifactKey: Guid(aac9c135386c74948a588e48665061ac) Importer(815301076,1909f56bfc062723c751e8b465ee728b)
Start importing Assets/Scripts/Level/Config/LevelPresentationConfig.cs using Guid(aac9c135386c74948a588e48665061ac) Importer(815301076,1909f56bfc062723c751e8b465ee728b)  -> (artifact id: '4cd49422d447481f282b7c6c15290c5e') in 0.008240 seconds
  Import took 0.015560 seconds .

========================================================================
Received Prepare
Registering precompiled user dll's ...
Registered in 0.002016 seconds.
Begin MonoManager ReloadAssembly
Native extension for WindowsStandalone target not found
Refreshing native plugins compatible for Editor in 0.72 ms, found 0 plugins.
Preloading 0 native plugins for Editor in 0.00 ms.
Invoked RoslynAnalysisRunner static constructor.
RoslynAnalysisRunner will not be running.
RoslynAnalysisRunner has terminated.
Mono: successfully reloaded assembly
- Completed reload, in  1.642 seconds
Platform modules already initialized, skipping
Shader 'Universal Render Pipeline/Particles/Lit': fallback shader 'Universal Render Pipeline/Particles/SimpleLit' not found
Refreshing native plugins compatible for Editor in 1.48 ms, found 0 plugins.
Preloading 0 native plugins for Editor in 0.00 ms.
Unloading 2316 Unused Serialized files (Serialized files now loaded: 0)
System memory in use before: 105.4 MB.
System memory in use after: 105.6 MB.

Unloading 5 unused Assets to reduce memory usage. Loaded Objects now: 2874.
Total: 7.716900 ms (FindLiveObjects: 0.783200 ms CreateObjectMapping: 0.541300 ms MarkObjects: 6.334100 ms  DeleteObjects: 0.055100 ms)

========================================================================
Received Prepare
Registering precompiled user dll's ...
Registered in 0.004705 seconds.
Begin MonoManager ReloadAssembly
Native extension for WindowsStandalone target not found
Refreshing native plugins compatible for Editor in 0.73 ms, found 0 plugins.
Preloading 0 native plugins for Editor in 0.00 ms.
Invoked RoslynAnalysisRunner static constructor.
RoslynAnalysisRunner will not be running.
RoslynAnalysisRunner has terminated.
Mono: successfully reloaded assembly
- Completed reload, in  2.511 seconds
Platform modules already initialized, skipping
Shader 'Universal Render Pipeline/Particles/Lit': fallback shader 'Universal Render Pipeline/Particles/SimpleLit' not found
Refreshing native plugins compatible for Editor in 1.25 ms, found 0 plugins.
Preloading 0 native plugins for Editor in 0.00 ms.
Unloading 2316 Unused Serialized files (Serialized files now loaded: 0)
System memory in use before: 105.3 MB.
System memory in use after: 105.6 MB.

Unloading 5 unused Assets to reduce memory usage. Loaded Objects now: 2877.
Total: 6.794300 ms (FindLiveObjects: 0.651900 ms CreateObjectMapping: 0.327400 ms MarkObjects: 5.754300 ms  DeleteObjects: 0.054100 ms)

========================================================================
Received Prepare
Registering precompiled user dll's ...
Registered in 0.002062 seconds.
Begin MonoManager ReloadAssembly
Native extension for WindowsStandalone target not found
Refreshing native plugins compatible for Editor in 0.76 ms, found 0 plugins.
Preloading 0 native plugins for Editor in 0.00 ms.
Invoked RoslynAnalysisRunner static constructor.
RoslynAnalysisRunner will not be running.
RoslynAnalysisRunner has terminated.
Mono: successfully reloaded assembly
- Completed reload, in  1.468 seconds
Platform modules already initialized, skipping
Shader 'Universal Render Pipeline/Particles/Lit': fallback shader 'Universal Render Pipeline/Particles/SimpleLit' not found
Refreshing native plugins compatible for Editor in 3.11 ms, found 0 plugins.
Preloading 0 native plugins for Editor in 0.00 ms.
Unloading 2316 Unused Serialized files (Serialized files now loaded: 0)
System memory in use before: 105.4 MB.
System memory in use after: 105.7 MB.

Unloading 5 unused Assets to reduce memory usage. Loaded Objects now: 2880.
Total: 8.699400 ms (FindLiveObjects: 1.089900 ms CreateObjectMapping: 0.601200 ms MarkObjects: 6.954700 ms  DeleteObjects: 0.049600 ms)

========================================================================
Received Prepare
Registering precompiled user dll's ...
Registered in 0.003241 seconds.
Begin MonoManager ReloadAssembly
Native extension for WindowsStandalone target not found
Refreshing native plugins compatible for Editor in 0.80 ms, found 0 plugins.
Preloading 0 native plugins for Editor in 0.00 ms.
Invoked RoslynAnalysisRunner static constructor.
RoslynAnalysisRunner will not be running.
RoslynAnalysisRunner has terminated.
Mono: successfully reloaded assembly
- Completed reload, in  2.231 seconds
Platform modules already initialized, skipping
Shader 'Universal Render Pipeline/Particles/Lit': fallback shader 'Universal Render Pipeline/Particles/SimpleLit' not found
Refreshing native plugins compatible for Editor in 1.29 ms, found 0 plugins.
Preloading 0 native plugins for Editor in 0.00 ms.
Unloading 2316 Unused Serialized files (Serialized files now loaded: 0)
System memory in use before: 105.4 MB.
System memory in use after: 105.7 MB.

Unloading 5 unused Assets to reduce memory usage. Loaded Objects now: 2883.
Total: 7.971000 ms (FindLiveObjects: 0.960400 ms CreateObjectMapping: 0.671800 ms MarkObjects: 6.285300 ms  DeleteObjects: 0.050400 ms)

========================================================================
Received Prepare
Registering precompiled user dll's ...
Registered in 0.002093 seconds.
Begin MonoManager ReloadAssembly
Native extension for WindowsStandalone target not found
Refreshing native plugins compatible for Editor in 0.67 ms, found 0 plugins.
Preloading 0 native plugins for Editor in 0.00 ms.
Invoked RoslynAnalysisRunner static constructor.
RoslynAnalysisRunner will not be running.
RoslynAnalysisRunner has terminated.
Mono: successfully reloaded assembly
- Completed reload, in  1.559 seconds
Platform modules already initialized, skipping
Shader 'Universal Render Pipeline/Particles/Lit': fallback shader 'Universal Render Pipeline/Particles/SimpleLit' not found
Refreshing native plugins compatible for Editor in 1.32 ms, found 0 plugins.
Preloading 0 native plugins for Editor in 0.00 ms.
Unloading 2316 Unused Serialized files (Serialized files now loaded: 0)
System memory in use before: 105.4 MB.
System memory in use after: 105.7 MB.

Unloading 5 unused Assets to reduce memory usage. Loaded Objects now: 2886.
Total: 7.656400 ms (FindLiveObjects: 0.760000 ms CreateObjectMapping: 0.369600 ms MarkObjects: 6.466800 ms  DeleteObjects: 0.055800 ms)

========================================================================
Received Import Request.
  Time since last request: 2745.646334 seconds.
  path: Assets/Scripts/Lightable.cs
  artifactKey: Guid(cac4f995616cb994086263ed12487e34) Importer(815301076,1909f56bfc062723c751e8b465ee728b)
Start importing Assets/Scripts/Lightable.cs using Guid(cac4f995616cb994086263ed12487e34) Importer(815301076,1909f56bfc062723c751e8b465ee728b)  -> (artifact id: '0ae9e638e379010e99331e069557334c') in 0.017189 seconds
  Import took 0.024761 seconds .

========================================================================
Received Prepare
Registering precompiled user dll's ...
Registered in 0.001686 seconds.
Begin MonoManager ReloadAssembly
Native extension for WindowsStandalone target not found
Refreshing native plugins compatible for Editor in 0.60 ms, found 0 plugins.
Preloading 0 native plugins for Editor in 0.00 ms.
Invoked RoslynAnalysisRunner static constructor.
RoslynAnalysisRunner will not be running.
RoslynAnalysisRunner has terminated.
Mono: successfully reloaded assembly
- Completed reload, in  1.143 seconds
Platform modules already initialized, skipping
Shader 'Universal Render Pipeline/Particles/Lit': fallback shader 'Universal Render Pipeline/Particles/SimpleLit' not found
Refreshing native plugins compatible for Editor in 0.92 ms, found 0 plugins.
Preloading 0 native plugins for Editor in 0.00 ms.
Unloading 2317 Unused Serialized files (Serialized files now loaded: 0)
System memory in use before: 105.5 MB.
System memory in use after: 105.7 MB.

Unloading 5 unused Assets to reduce memory usage. Loaded Objects now: 2890.
Total: 2.842300 ms (FindLiveObjects: 0.347300 ms CreateObjectMapping: 0.153100 ms MarkObjects: 2.317800 ms  DeleteObjects: 0.023000 ms)

========================================================================
Received Prepare
Registering precompiled user dll's ...
Registered in 0.003535 seconds.
Begin MonoManager ReloadAssembly
Native extension for WindowsStandalone target not found
Refreshing native plugins compatible for Editor in 1.15 ms, found 0 plugins.
Preloading 0 native plugins for Editor in 0.00 ms.
Invoked RoslynAnalysisRunner static constructor.
RoslynAnalysisRunner will not be running.
RoslynAnalysisRunner has terminated.
Mono: successfully reloaded assembly
- Completed reload, in  1.894 seconds
Platform modules already initialized, skipping
Shader 'Universal Render Pipeline/Particles/Lit': fallback shader 'Universal Render Pipeline/Particles/SimpleLit' not found
Refreshing native plugins compatible for Editor in 1.31 ms, found 0 plugins.
Preloading 0 native plugins for Editor in 0.00 ms.
Unloading 2317 Unused Serialized files (Serialized files now loaded: 0)
System memory in use before: 105.4 MB.
System memory in use after: 105.6 MB.

Unloading 5 unused Assets to reduce memory usage. Loaded Objects now: 2893.
Total: 27.690500 ms (FindLiveObjects: 18.069300 ms CreateObjectMapping: 2.345900 ms MarkObjects: 7.208400 ms  DeleteObjects: 0.063800 ms)

